<?xml version="1.0" encoding="UTF-8"?>
<testsuite name="io.github.thisisnozaku.charactercreator.controllers.IndexControllerTest" tests="1" skipped="0" failures="1" errors="0" timestamp="2015-11-17T20:44:19" hostname="DamienLaptop-PC" time="0.222">
  <properties/>
  <testcase name="testGettingIndexUnauthenticated" classname="io.github.thisisnozaku.charactercreator.controllers.IndexControllerTest" time="0.222">
    <failure message="java.lang.AssertionError" type="java.lang.AssertionError">java.lang.AssertionError
	at org.junit.Assert.fail(Assert.java:86)
	at org.junit.Assert.assertTrue(Assert.java:41)
	at org.junit.Assert.assertTrue(Assert.java:52)
	at io.github.thisisnozaku.charactercreator.controllers.IndexControllerTest.testGettingIndexUnauthenticated(IndexControllerTest.java:59)
	at sun.reflect.NativeMethodAccessorImpl.invoke0(Native Method)
	at sun.reflect.NativeMethodAccessorImpl.invoke(NativeMethodAccessorImpl.java:62)
	at sun.reflect.DelegatingMethodAccessorImpl.invoke(DelegatingMethodAccessorImpl.java:43)
	at java.lang.reflect.Method.invoke(Method.java:483)
	at org.junit.runners.model.FrameworkMethod$1.runReflectiveCall(FrameworkMethod.java:50)
	at org.junit.internal.runners.model.ReflectiveCallable.run(ReflectiveCallable.java:12)
	at org.junit.runners.model.FrameworkMethod.invokeExplosively(FrameworkMethod.java:47)
	at org.junit.internal.runners.statements.InvokeMethod.evaluate(InvokeMethod.java:17)
	at org.junit.internal.runners.statements.RunBefores.evaluate(RunBefores.java:26)
	at org.springframework.test.context.junit4.statements.RunBeforeTestMethodCallbacks.evaluate(RunBeforeTestMethodCallbacks.java:75)
	at org.springframework.test.context.junit4.statements.RunAfterTestMethodCallbacks.evaluate(RunAfterTestMethodCallbacks.java:86)
	at org.springframework.test.context.junit4.statements.SpringRepeat.evaluate(SpringRepeat.java:70)
	at org.junit.runners.ParentRunner.runLeaf(ParentRunner.java:325)
	at org.springframework.test.context.junit4.SpringJUnit4ClassRunner.runChild(SpringJUnit4ClassRunner.java:224)
	at org.springframework.test.context.junit4.SpringJUnit4ClassRunner.runChild(SpringJUnit4ClassRunner.java:83)
	at org.junit.runners.ParentRunner$3.run(ParentRunner.java:290)
	at org.junit.runners.ParentRunner$1.schedule(ParentRunner.java:71)
	at org.junit.runners.ParentRunner.runChildren(ParentRunner.java:288)
	at org.junit.runners.ParentRunner.access$000(ParentRunner.java:58)
	at org.junit.runners.ParentRunner$2.evaluate(ParentRunner.java:268)
	at org.springframework.test.context.junit4.statements.RunBeforeTestClassCallbacks.evaluate(RunBeforeTestClassCallbacks.java:61)
	at org.springframework.test.context.junit4.statements.RunAfterTestClassCallbacks.evaluate(RunAfterTestClassCallbacks.java:70)
	at org.junit.runners.ParentRunner.run(ParentRunner.java:363)
	at org.springframework.test.context.junit4.SpringJUnit4ClassRunner.run(SpringJUnit4ClassRunner.java:163)
	at org.gradle.api.internal.tasks.testing.junit.JUnitTestClassExecuter.runTestClass(JUnitTestClassExecuter.java:105)
	at org.gradle.api.internal.tasks.testing.junit.JUnitTestClassExecuter.execute(JUnitTestClassExecuter.java:56)
	at org.gradle.api.internal.tasks.testing.junit.JUnitTestClassProcessor.processTestClass(JUnitTestClassProcessor.java:64)
	at org.gradle.api.internal.tasks.testing.SuiteTestClassProcessor.processTestClass(SuiteTestClassProcessor.java:50)
	at sun.reflect.NativeMethodAccessorImpl.invoke0(Native Method)
	at sun.reflect.NativeMethodAccessorImpl.invoke(NativeMethodAccessorImpl.java:62)
	at sun.reflect.DelegatingMethodAccessorImpl.invoke(DelegatingMethodAccessorImpl.java:43)
	at java.lang.reflect.Method.invoke(Method.java:483)
	at org.gradle.messaging.dispatch.ReflectionDispatch.dispatch(ReflectionDispatch.java:35)
	at org.gradle.messaging.dispatch.ReflectionDispatch.dispatch(ReflectionDispatch.java:24)
	at org.gradle.messaging.dispatch.ContextClassLoaderDispatch.dispatch(ContextClassLoaderDispatch.java:32)
	at org.gradle.messaging.dispatch.ProxyDispatchAdapter$DispatchingInvocationHandler.invoke(ProxyDispatchAdapter.java:93)
	at com.sun.proxy.$Proxy2.processTestClass(Unknown Source)
	at org.gradle.api.internal.tasks.testing.worker.TestWorker.processTestClass(TestWorker.java:106)
	at sun.reflect.NativeMethodAccessorImpl.invoke0(Native Method)
	at sun.reflect.NativeMethodAccessorImpl.invoke(NativeMethodAccessorImpl.java:62)
	at sun.reflect.DelegatingMethodAccessorImpl.invoke(DelegatingMethodAccessorImpl.java:43)
	at java.lang.reflect.Method.invoke(Method.java:483)
	at org.gradle.messaging.dispatch.ReflectionDispatch.dispatch(ReflectionDispatch.java:35)
	at org.gradle.messaging.dispatch.ReflectionDispatch.dispatch(ReflectionDispatch.java:24)
	at org.gradle.messaging.remote.internal.hub.MessageHub$Handler.run(MessageHub.java:360)
	at org.gradle.internal.concurrent.ExecutorPolicy$CatchAndRecordFailures.onExecute(ExecutorPolicy.java:54)
	at org.gradle.internal.concurrent.StoppableExecutorImpl$1.run(StoppableExecutorImpl.java:40)
	at java.util.concurrent.ThreadPoolExecutor.runWorker(ThreadPoolExecutor.java:1142)
	at java.util.concurrent.ThreadPoolExecutor$Worker.run(ThreadPoolExecutor.java:617)
	at java.lang.Thread.run(Thread.java:745)
</failure>
  </testcase>
  <system-out><![CDATA[15:44:05.086 [Test worker] DEBUG o.s.t.c.j.SpringJUnit4ClassRunner - SpringJUnit4ClassRunner constructor called with [class io.github.thisisnozaku.charactercreator.controllers.IndexControllerTest]
15:44:05.101 [Test worker] DEBUG o.s.test.context.BootstrapUtils - Instantiating TestContextBootstrapper from class [org.springframework.test.context.web.WebTestContextBootstrapper]
15:44:05.174 [Test worker] DEBUG o.s.t.c.s.AbstractDelegatingSmartContextLoader - Delegating to AnnotationConfigWebContextLoader to process context configuration [ContextConfigurationAttributes@1ac0452b declaringClass = 'io.github.thisisnozaku.charactercreator.controllers.IndexControllerTest', classes = '{class io.github.thisisnozaku.charactercreator.NeoneCoreApplication}', locations = '{}', inheritLocations = true, initializers = '{}', inheritInitializers = true, name = [null], contextLoaderClass = 'org.springframework.test.context.ContextLoader'].
15:44:05.179 [Test worker] DEBUG o.s.t.c.support.ActiveProfilesUtils - Could not find an 'annotation declaring class' for annotation type [org.springframework.test.context.ActiveProfiles] and class [io.github.thisisnozaku.charactercreator.controllers.IndexControllerTest]
15:44:05.189 [Test worker] DEBUG o.s.t.c.w.WebTestContextBootstrapper - @TestExecutionListeners is not present for class [io.github.thisisnozaku.charactercreator.controllers.IndexControllerTest]: using defaults.
15:44:05.209 [Test worker] INFO  o.s.t.c.w.WebTestContextBootstrapper - Loaded default TestExecutionListener class names from location [META-INF/spring.factories]: [org.springframework.test.context.web.ServletTestExecutionListener, org.springframework.test.context.support.DependencyInjectionTestExecutionListener, org.springframework.test.context.support.DirtiesContextTestExecutionListener, org.springframework.test.context.transaction.TransactionalTestExecutionListener, org.springframework.test.context.jdbc.SqlScriptsTestExecutionListener]
15:44:05.270 [Test worker] INFO  o.s.t.c.w.WebTestContextBootstrapper - Using TestExecutionListeners: [org.springframework.test.context.web.ServletTestExecutionListener@7e53998f, org.springframework.test.context.support.DependencyInjectionTestExecutionListener@588de2b5, org.springframework.test.context.support.DirtiesContextTestExecutionListener@1713b4, org.springframework.test.context.transaction.TransactionalTestExecutionListener@2b868390, org.springframework.test.context.jdbc.SqlScriptsTestExecutionListener@497be88e]
15:44:05.287 [Test worker] DEBUG o.s.t.annotation.ProfileValueUtils - Retrieved @ProfileValueSourceConfiguration [null] for test class [io.github.thisisnozaku.charactercreator.controllers.IndexControllerTest]
15:44:05.292 [Test worker] DEBUG o.s.t.annotation.ProfileValueUtils - Retrieved ProfileValueSource type [class org.springframework.test.annotation.SystemProfileValueSource] for class [io.github.thisisnozaku.charactercreator.controllers.IndexControllerTest]
15:44:05.294 [Test worker] DEBUG o.s.t.annotation.ProfileValueUtils - Retrieved @ProfileValueSourceConfiguration [null] for test class [io.github.thisisnozaku.charactercreator.controllers.IndexControllerTest]
15:44:05.294 [Test worker] DEBUG o.s.t.annotation.ProfileValueUtils - Retrieved ProfileValueSource type [class org.springframework.test.annotation.SystemProfileValueSource] for class [io.github.thisisnozaku.charactercreator.controllers.IndexControllerTest]
15:44:05.299 [Test worker] DEBUG o.s.t.annotation.ProfileValueUtils - Retrieved @ProfileValueSourceConfiguration [null] for test class [io.github.thisisnozaku.charactercreator.controllers.IndexControllerTest]
15:44:05.300 [Test worker] DEBUG o.s.t.annotation.ProfileValueUtils - Retrieved ProfileValueSource type [class org.springframework.test.annotation.SystemProfileValueSource] for class [io.github.thisisnozaku.charactercreator.controllers.IndexControllerTest]
15:44:05.304 [Test worker] DEBUG o.s.t.c.s.AbstractDelegatingSmartContextLoader - Delegating to AnnotationConfigWebContextLoader to load context from [WebMergedContextConfiguration@74bdc681 testClass = IndexControllerTest, locations = '{}', classes = '{class io.github.thisisnozaku.charactercreator.NeoneCoreApplication}', contextInitializerClasses = '[]', activeProfiles = '{}', propertySourceLocations = '{}', propertySourceProperties = '{}', resourceBasePath = 'src/main/webapp', contextLoader = 'org.springframework.test.context.web.WebDelegatingSmartContextLoader', parent = [null]].
15:44:05.306 [Test worker] DEBUG o.s.t.c.w.AbstractGenericWebContextLoader - Loading WebApplicationContext for merged context configuration [WebMergedContextConfiguration@74bdc681 testClass = IndexControllerTest, locations = '{}', classes = '{class io.github.thisisnozaku.charactercreator.NeoneCoreApplication}', contextInitializerClasses = '[]', activeProfiles = '{}', propertySourceLocations = '{}', propertySourceProperties = '{}', resourceBasePath = 'src/main/webapp', contextLoader = 'org.springframework.test.context.web.WebDelegatingSmartContextLoader', parent = [null]].
15:44:05.576 [Test worker] DEBUG o.s.w.c.s.StandardServletEnvironment - Adding [servletConfigInitParams] PropertySource with lowest search precedence
15:44:05.577 [Test worker] DEBUG o.s.w.c.s.StandardServletEnvironment - Adding [servletContextInitParams] PropertySource with lowest search precedence
15:44:05.586 [Test worker] DEBUG o.s.w.c.s.StandardServletEnvironment - Adding [systemProperties] PropertySource with lowest search precedence
15:44:05.595 [Test worker] DEBUG o.s.w.c.s.StandardServletEnvironment - Adding [systemEnvironment] PropertySource with lowest search precedence
15:44:05.595 [Test worker] DEBUG o.s.w.c.s.StandardServletEnvironment - Initialized StandardServletEnvironment with PropertySources [servletConfigInitParams,servletContextInitParams,systemProperties,systemEnvironment]
15:44:05.596 [Test worker] DEBUG o.s.t.c.w.AnnotationConfigWebContextLoader - Registering annotated classes: {class io.github.thisisnozaku.charactercreator.NeoneCoreApplication}
15:44:05.712 [Test worker] INFO  o.s.w.c.s.GenericWebApplicationContext - Refreshing org.springframework.web.context.support.GenericWebApplicationContext@69735d79: startup date [Tue Nov 17 15:44:05 EST 2015]; root of context hierarchy
15:44:05.724 [Test worker] DEBUG o.s.w.c.s.StandardServletEnvironment - Replacing [servletContextInitParams] PropertySource with [servletContextInitParams]
15:44:05.725 [Test worker] DEBUG o.s.w.c.s.GenericWebApplicationContext - Bean factory for org.springframework.web.context.support.GenericWebApplicationContext@69735d79: org.springframework.beans.factory.support.DefaultListableBeanFactory@447e689b: defining beans [org.springframework.context.annotation.internalConfigurationAnnotationProcessor,org.springframework.context.annotation.internalAutowiredAnnotationProcessor,org.springframework.context.annotation.internalRequiredAnnotationProcessor,org.springframework.context.annotation.internalCommonAnnotationProcessor,org.springframework.context.annotation.internalPersistenceAnnotationProcessor,neoneCoreApplication]; root of factory hierarchy
15:44:05.759 [Test worker] DEBUG o.s.b.f.s.DefaultListableBeanFactory - Registering scope 'request' with implementation [org.springframework.web.context.request.RequestScope@600c8898]
15:44:05.760 [Test worker] DEBUG o.s.b.f.s.DefaultListableBeanFactory - Registering scope 'session' with implementation [org.springframework.web.context.request.SessionScope@39fe436]
15:44:05.761 [Test worker] DEBUG o.s.b.f.s.DefaultListableBeanFactory - Registering scope 'globalSession' with implementation [org.springframework.web.context.request.SessionScope@7d3f495]
15:44:05.762 [Test worker] DEBUG o.s.b.f.s.DefaultListableBeanFactory - Registering scope 'application' with implementation [org.springframework.web.context.support.ServletContextScope@4aace956]
15:44:05.826 [Test worker] DEBUG o.s.b.f.s.DefaultListableBeanFactory - Creating shared instance of singleton bean 'org.springframework.context.annotation.internalConfigurationAnnotationProcessor'
15:44:05.827 [Test worker] DEBUG o.s.b.f.s.DefaultListableBeanFactory - Creating instance of bean 'org.springframework.context.annotation.internalConfigurationAnnotationProcessor'
15:44:05.915 [Test worker] DEBUG o.s.b.f.s.DefaultListableBeanFactory - Eagerly caching bean 'org.springframework.context.annotation.internalConfigurationAnnotationProcessor' to allow for resolving potential circular references
15:44:05.920 [Test worker] DEBUG o.s.b.f.s.DefaultListableBeanFactory - Finished creating instance of bean 'org.springframework.context.annotation.internalConfigurationAnnotationProcessor'
15:44:05.990 [Test worker] DEBUG o.s.core.env.StandardEnvironment - Adding [systemProperties] PropertySource with lowest search precedence
15:44:05.991 [Test worker] DEBUG o.s.core.env.StandardEnvironment - Adding [systemEnvironment] PropertySource with lowest search precedence
15:44:05.991 [Test worker] DEBUG o.s.core.env.StandardEnvironment - Initialized StandardEnvironment with PropertySources [systemProperties,systemEnvironment]
15:44:05.996 [Test worker] DEBUG o.s.c.a.ClassPathBeanDefinitionScanner - JSR-250 'javax.annotation.ManagedBean' found and supported for component scanning
15:44:06.002 [Test worker] DEBUG o.s.c.a.ClassPathBeanDefinitionScanner - JSR-330 'javax.inject.Named' annotation found and supported for component scanning
15:44:06.037 [Test worker] DEBUG o.s.c.i.s.PathMatchingResourcePatternResolver - Looking for matching resources in directory tree [C:\Users\Damien\IdeaProjects\neone-core\build\classes\test\io\github\thisisnozaku\charactercreator]
15:44:06.038 [Test worker] DEBUG o.s.c.i.s.PathMatchingResourcePatternResolver - Searching directory [C:\Users\Damien\IdeaProjects\neone-core\build\classes\test\io\github\thisisnozaku\charactercreator] for files matching pattern [C:/Users/Damien/IdeaProjects/neone-core/build/classes/test/io/github/thisisnozaku/charactercreator/**/*.class]
15:44:06.042 [Test worker] DEBUG o.s.c.i.s.PathMatchingResourcePatternResolver - Searching directory [C:\Users\Damien\IdeaProjects\neone-core\build\classes\test\io\github\thisisnozaku\charactercreator\controllers] for files matching pattern [C:/Users/Damien/IdeaProjects/neone-core/build/classes/test/io/github/thisisnozaku/charactercreator/**/*.class]
15:44:06.046 [Test worker] DEBUG o.s.c.i.s.PathMatchingResourcePatternResolver - Looking for matching resources in directory tree [C:\Users\Damien\IdeaProjects\neone-core\build\classes\main\io\github\thisisnozaku\charactercreator]
15:44:06.047 [Test worker] DEBUG o.s.c.i.s.PathMatchingResourcePatternResolver - Searching directory [C:\Users\Damien\IdeaProjects\neone-core\build\classes\main\io\github\thisisnozaku\charactercreator] for files matching pattern [C:/Users/Damien/IdeaProjects/neone-core/build/classes/main/io/github/thisisnozaku/charactercreator/**/*.class]
15:44:06.048 [Test worker] DEBUG o.s.c.i.s.PathMatchingResourcePatternResolver - Searching directory [C:\Users\Damien\IdeaProjects\neone-core\build\classes\main\io\github\thisisnozaku\charactercreator\config] for files matching pattern [C:/Users/Damien/IdeaProjects/neone-core/build/classes/main/io/github/thisisnozaku/charactercreator/**/*.class]
15:44:06.057 [Test worker] DEBUG o.s.c.i.s.PathMatchingResourcePatternResolver - Searching directory [C:\Users\Damien\IdeaProjects\neone-core\build\classes\main\io\github\thisisnozaku\charactercreator\controllers] for files matching pattern [C:/Users/Damien/IdeaProjects/neone-core/build/classes/main/io/github/thisisnozaku/charactercreator/**/*.class]
15:44:06.060 [Test worker] DEBUG o.s.c.i.s.PathMatchingResourcePatternResolver - Searching directory [C:\Users\Damien\IdeaProjects\neone-core\build\classes\main\io\github\thisisnozaku\charactercreator\data] for files matching pattern [C:/Users/Damien/IdeaProjects/neone-core/build/classes/main/io/github/thisisnozaku/charactercreator/**/*.class]
15:44:06.061 [Test worker] DEBUG o.s.c.i.s.PathMatchingResourcePatternResolver - Searching directory [C:\Users\Damien\IdeaProjects\neone-core\build\classes\main\io\github\thisisnozaku\charactercreator\model] for files matching pattern [C:/Users/Damien/IdeaProjects/neone-core/build/classes/main/io/github/thisisnozaku/charactercreator/**/*.class]
15:44:06.074 [Test worker] DEBUG o.s.c.i.s.PathMatchingResourcePatternResolver - Resolved location pattern [classpath*:io/github/thisisnozaku/charactercreator/**/*.class] to resources [file [C:\Users\Damien\IdeaProjects\neone-core\build\classes\test\io\github\thisisnozaku\charactercreator\controllers\IndexControllerTest.class], file [C:\Users\Damien\IdeaProjects\neone-core\build\classes\main\io\github\thisisnozaku\charactercreator\config\MongoConfig.class], file [C:\Users\Damien\IdeaProjects\neone-core\build\classes\main\io\github\thisisnozaku\charactercreator\controllers\GameController.class], file [C:\Users\Damien\IdeaProjects\neone-core\build\classes\main\io\github\thisisnozaku\charactercreator\controllers\IndexController.class], file [C:\Users\Damien\IdeaProjects\neone-core\build\classes\main\io\github\thisisnozaku\charactercreator\data\AccountRepository.class], file [C:\Users\Damien\IdeaProjects\neone-core\build\classes\main\io\github\thisisnozaku\charactercreator\model\User.class], file [C:\Users\Damien\IdeaProjects\neone-core\build\classes\main\io\github\thisisnozaku\charactercreator\NeoneCoreApplication.class]]
15:44:06.145 [Test worker] DEBUG o.s.c.a.ClassPathBeanDefinitionScanner - Identified candidate component class: file [C:\Users\Damien\IdeaProjects\neone-core\build\classes\main\io\github\thisisnozaku\charactercreator\controllers\GameController.class]
15:44:06.147 [Test worker] DEBUG o.s.c.a.ClassPathBeanDefinitionScanner - Identified candidate component class: file [C:\Users\Damien\IdeaProjects\neone-core\build\classes\main\io\github\thisisnozaku\charactercreator\controllers\IndexController.class]
15:44:06.515 [Test worker] DEBUG o.s.c.e.PropertySourcesPropertyResolver - Searching for key 'spring.messages.basename' in [servletConfigInitParams]
15:44:06.516 [Test worker] DEBUG o.s.c.e.PropertySourcesPropertyResolver - Searching for key 'spring.messages.basename' in [servletContextInitParams]
15:44:06.516 [Test worker] DEBUG o.s.c.e.PropertySourcesPropertyResolver - Searching for key 'spring.messages.basename' in [systemProperties]
15:44:06.516 [Test worker] DEBUG o.s.c.e.PropertySourcesPropertyResolver - Searching for key 'spring.messages.basename' in [systemEnvironment]
15:44:06.516 [Test worker] DEBUG o.s.c.e.PropertySourcesPropertyResolver - Could not find key 'spring.messages.basename' in any property source. Returning [null]
15:44:06.669 [Test worker] DEBUG o.s.c.i.s.PathMatchingResourcePatternResolver - Looking for matching resources in directory tree [C:\Users\Damien\IdeaProjects\neone-core\build\classes\test]
15:44:06.669 [Test worker] DEBUG o.s.c.i.s.PathMatchingResourcePatternResolver - Searching directory [C:\Users\Damien\IdeaProjects\neone-core\build\classes\test] for files matching pattern [C:/Users/Damien/IdeaProjects/neone-core/build/classes/test/messages*.properties]
15:44:06.670 [Test worker] DEBUG o.s.c.i.s.PathMatchingResourcePatternResolver - Looking for matching resources in directory tree [C:\Users\Damien\IdeaProjects\neone-core\build\classes\main]
15:44:06.671 [Test worker] DEBUG o.s.c.i.s.PathMatchingResourcePatternResolver - Searching directory [C:\Users\Damien\IdeaProjects\neone-core\build\classes\main] for files matching pattern [C:/Users/Damien/IdeaProjects/neone-core/build/classes/main/messages*.properties]
15:44:06.672 [Test worker] DEBUG o.s.c.i.s.PathMatchingResourcePatternResolver - Looking for matching resources in directory tree [C:\Users\Damien\IdeaProjects\neone-core\build\resources\main]
15:44:06.672 [Test worker] DEBUG o.s.c.i.s.PathMatchingResourcePatternResolver - Searching directory [C:\Users\Damien\IdeaProjects\neone-core\build\resources\main] for files matching pattern [C:/Users/Damien/IdeaProjects/neone-core/build/resources/main/messages*.properties]
15:44:06.674 [Test worker] DEBUG o.s.c.i.s.PathMatchingResourcePatternResolver - Looking for matching resources in jar file [file:/C:/Users/Damien/.gradle/caches/2.7/workerMain/gradle-worker.jar]
15:44:06.676 [Test worker] DEBUG o.s.c.i.s.PathMatchingResourcePatternResolver - Looking for matching resources in jar file [file:/C:/Users/Damien/.gradle/caches/modules-2/files-2.1/org.springframework.data/spring-data-mongodb/1.8.1.RELEASE/b90c75c49d1271c06e95ba635b73882237d3c262/spring-data-mongodb-1.8.1.RELEASE.jar]
15:44:06.701 [Test worker] DEBUG o.s.c.i.s.PathMatchingResourcePatternResolver - Looking for matching resources in jar file [file:/C:/Users/Damien/.gradle/caches/modules-2/files-2.1/org.apache.derby/derby/10.12.1.1/75070c744a8e52a7d17b8b476468580309d5cd09/derby-10.12.1.1.jar]
15:44:06.748 [Test worker] DEBUG o.s.c.i.s.PathMatchingResourcePatternResolver - Looking for matching resources in jar file [file:/C:/Users/Damien/.gradle/caches/modules-2/files-2.1/org.aspectj/aspectjrt/1.8.7/c4b70e763194d274477da4da9b05ea913e877268/aspectjrt-1.8.7.jar]
15:44:06.752 [Test worker] DEBUG o.s.c.i.s.PathMatchingResourcePatternResolver - Looking for matching resources in jar file [file:/C:/Users/Damien/.gradle/caches/modules-2/files-2.1/javax.transaction/javax.transaction-api/1.2/d81aff979d603edd90dcd8db2abc1f4ce6479e3e/javax.transaction-api-1.2.jar]
15:44:06.757 [Test worker] DEBUG o.s.c.i.s.PathMatchingResourcePatternResolver - Looking for matching resources in jar file [file:/C:/Users/Damien/.gradle/caches/modules-2/files-2.1/org.springframework.data/spring-data-jpa/1.7.4.RELEASE/922145a12a700b73438b1139dff0e1760de7f712/spring-data-jpa-1.7.4.RELEASE.jar]
15:44:06.763 [Test worker] DEBUG o.s.c.i.s.PathMatchingResourcePatternResolver - Looking for matching resources in jar file [file:/C:/Users/Damien/.gradle/caches/modules-2/files-2.1/org.springframework/spring-aspects/4.1.8.RELEASE/78f15ea237088b92b8ec184c2249544e70a4f7a8/spring-aspects-4.1.8.RELEASE.jar]
15:44:06.765 [Test worker] DEBUG o.s.c.i.s.PathMatchingResourcePatternResolver - Looking for matching resources in jar file [file:/C:/Users/Damien/.gradle/caches/modules-2/files-2.1/com.sun.mail/javax.mail/1.5.4/2dd6b709ca0d35853a6061c83434a9b94533b877/javax.mail-1.5.4.jar]
15:44:06.780 [Test worker] DEBUG o.s.c.i.s.PathMatchingResourcePatternResolver - Looking for matching resources in jar file [file:/C:/Users/Damien/.gradle/caches/modules-2/files-2.1/org.springframework.security/spring-security-config/3.2.8.RELEASE/8802c9514f4e1e65ab1550613b269db1eec900ef/spring-security-config-3.2.8.RELEASE.jar]
15:44:06.784 [Test worker] DEBUG o.s.c.i.s.PathMatchingResourcePatternResolver - Looking for matching resources in jar file [file:/C:/Users/Damien/.gradle/caches/modules-2/files-2.1/org.springframework.security/spring-security-web/3.2.8.RELEASE/55f8d16b6fdfad43eb43e0c3f8b3a269c1997d79/spring-security-web-3.2.8.RELEASE.jar]
15:44:06.793 [Test worker] DEBUG o.s.c.i.s.PathMatchingResourcePatternResolver - Looking for matching resources in jar file [file:/C:/Users/Damien/.gradle/caches/modules-2/files-2.1/org.springframework.social/spring-social-config/1.1.2.RELEASE/baa0f748b2983f96404c57a8e93fe06404dabb84/spring-social-config-1.1.2.RELEASE.jar]
15:44:06.794 [Test worker] DEBUG o.s.c.i.s.PathMatchingResourcePatternResolver - Looking for matching resources in jar file [file:/C:/Users/Damien/.gradle/caches/modules-2/files-2.1/org.springframework.social/spring-social-core/1.1.2.RELEASE/7f4c5965ceb72408278b09d491bb4f7de38b2f8d/spring-social-core-1.1.2.RELEASE.jar]
15:44:06.797 [Test worker] DEBUG o.s.c.i.s.PathMatchingResourcePatternResolver - Looking for matching resources in jar file [file:/C:/Users/Damien/.gradle/caches/modules-2/files-2.1/org.springframework.social/spring-social-web/1.1.2.RELEASE/58959a959e9a55a8dc53d73f33ae3cf7a33943fd/spring-social-web-1.1.2.RELEASE.jar]
15:44:06.801 [Test worker] DEBUG o.s.c.i.s.PathMatchingResourcePatternResolver - Looking for matching resources in jar file [file:/C:/Users/Damien/.gradle/caches/modules-2/files-2.1/org.springframework.social/spring-social-facebook/2.0.2.RELEASE/d7ad18d97aeb322b5381e46c676f5c92e5b1d9a/spring-social-facebook-2.0.2.RELEASE.jar]
15:44:06.806 [Test worker] DEBUG o.s.c.i.s.PathMatchingResourcePatternResolver - Looking for matching resources in jar file [file:/C:/Users/Damien/.gradle/caches/modules-2/files-2.1/org.slf4j/slf4j-api/1.7.13/7fcf30c25b8f4a9379b9dad0d3f487b25272c026/slf4j-api-1.7.13.jar]
15:44:06.807 [Test worker] DEBUG o.s.c.i.s.PathMatchingResourcePatternResolver - Looking for matching resources in jar file [file:/C:/Users/Damien/.gradle/caches/modules-2/files-2.1/org.slf4j/jcl-over-slf4j/1.7.13/d78d2242e14e4182625152d225f76ae52b43491d/jcl-over-slf4j-1.7.13.jar]
15:44:06.818 [Test worker] DEBUG o.s.c.i.s.PathMatchingResourcePatternResolver - Looking for matching resources in jar file [file:/C:/Users/Damien/.gradle/caches/modules-2/files-2.1/junit/junit/4.12/2973d150c0dc1fefe998f834810d68f278ea58ec/junit-4.12.jar]
15:44:06.827 [Test worker] DEBUG o.s.c.i.s.PathMatchingResourcePatternResolver - Looking for matching resources in jar file [file:/C:/Users/Damien/.gradle/caches/modules-2/files-2.1/org.mockito/mockito-core/1.10.19/e8546f5bef4e061d8dd73895b4e8f40e3fe6effe/mockito-core-1.10.19.jar]
15:44:06.844 [Test worker] DEBUG o.s.c.i.s.PathMatchingResourcePatternResolver - Looking for matching resources in jar file [file:/C:/Users/Damien/.gradle/caches/modules-2/files-2.1/org.hamcrest/hamcrest-core/1.3/42a25dc3219429f0e5d060061f71acb49bf010a0/hamcrest-core-1.3.jar]
15:44:06.847 [Test worker] DEBUG o.s.c.i.s.PathMatchingResourcePatternResolver - Looking for matching resources in jar file [file:/C:/Users/Damien/.gradle/caches/modules-2/files-2.1/org.hamcrest/hamcrest-library/1.3/4785a3c21320980282f9f33d0d1264a69040538f/hamcrest-library-1.3.jar]
15:44:06.850 [Test worker] DEBUG o.s.c.i.s.PathMatchingResourcePatternResolver - Looking for matching resources in jar file [file:/C:/Users/Damien/.gradle/caches/modules-2/files-2.1/org.springframework/spring-test/4.1.8.RELEASE/5822c744f47f097e18690155168880f6e0b6151/spring-test-4.1.8.RELEASE.jar]
15:44:06.859 [Test worker] DEBUG o.s.c.i.s.PathMatchingResourcePatternResolver - Looking for matching resources in jar file [file:/C:/Users/Damien/.gradle/caches/modules-2/files-2.1/aopalliance/aopalliance/1.0/235ba8b489512805ac13a8f9ea77a1ca5ebe3e8/aopalliance-1.0.jar]
15:44:06.860 [Test worker] DEBUG o.s.c.i.s.PathMatchingResourcePatternResolver - Looking for matching resources in jar file [file:/C:/Users/Damien/.gradle/caches/modules-2/files-2.1/org.apache.tomcat/tomcat-jdbc/8.0.28/3b322b35a7081d3aa2051d2d8317bdbf09d4853a/tomcat-jdbc-8.0.28.jar]
15:44:06.861 [Test worker] DEBUG o.s.c.i.s.PathMatchingResourcePatternResolver - Looking for matching resources in jar file [file:/C:/Users/Damien/.gradle/caches/modules-2/files-2.1/org.jboss.logging/jboss-logging/3.1.3.GA/64499e907f19e5e1b3fdc02f81440c1832fe3545/jboss-logging-3.1.3.GA.jar]
15:44:06.863 [Test worker] DEBUG o.s.c.i.s.PathMatchingResourcePatternResolver - Looking for matching resources in jar file [file:/C:/Users/Damien/.gradle/caches/modules-2/files-2.1/org.jboss.logging/jboss-logging-annotations/1.2.0.Beta1/2f437f37bb265d9f8f1392823dbca12d2bec06d6/jboss-logging-annotations-1.2.0.Beta1.jar]
15:44:06.864 [Test worker] DEBUG o.s.c.i.s.PathMatchingResourcePatternResolver - Looking for matching resources in jar file [file:/C:/Users/Damien/.gradle/caches/modules-2/files-2.1/dom4j/dom4j/1.6.1/5d3ccc056b6f056dbf0dddfdf43894b9065a8f94/dom4j-1.6.1.jar]
15:44:06.868 [Test worker] DEBUG o.s.c.i.s.PathMatchingResourcePatternResolver - Looking for matching resources in jar file [file:/C:/Users/Damien/.gradle/caches/modules-2/files-2.1/org.hibernate.common/hibernate-commons-annotations/4.0.5.Final/2a581b9edb8168e45060d8bad8b7f46712d2c52c/hibernate-commons-annotations-4.0.5.Final.jar]
15:44:06.869 [Test worker] DEBUG o.s.c.i.s.PathMatchingResourcePatternResolver - Looking for matching resources in jar file [file:/C:/Users/Damien/.gradle/caches/modules-2/files-2.1/org.hibernate.javax.persistence/hibernate-jpa-2.1-api/1.0.0.Final/5e731d961297e5a07290bfaf3db1fbc8bbbf405a/hibernate-jpa-2.1-api-1.0.0.Final.jar]
15:44:06.873 [Test worker] DEBUG o.s.c.i.s.PathMatchingResourcePatternResolver - Looking for matching resources in jar file [file:/C:/Users/Damien/.gradle/caches/modules-2/files-2.1/javax.activation/activation/1.1/e6cb541461c2834bdea3eb920f1884d1eb508b50/activation-1.1.jar]
15:44:06.877 [Test worker] DEBUG o.s.c.i.s.PathMatchingResourcePatternResolver - Looking for matching resources in jar file [file:/C:/Users/Damien/.gradle/caches/modules-2/files-2.1/org.springframework.security/spring-security-core/3.2.8.RELEASE/36028a35ca93f504dfc2484dc12e5b00a42bc54b/spring-security-core-3.2.8.RELEASE.jar]
15:44:06.883 [Test worker] DEBUG o.s.c.i.s.PathMatchingResourcePatternResolver - Looking for matching resources in jar file [file:/C:/Users/Damien/.gradle/caches/modules-2/files-2.1/javax.inject/javax.inject/1/6975da39a7040257bd51d21a231b76c915872d38/javax.inject-1.jar]
15:44:06.884 [Test worker] DEBUG o.s.c.i.s.PathMatchingResourcePatternResolver - Looking for matching resources in jar file [file:/C:/Users/Damien/.gradle/caches/modules-2/files-2.1/javax.validation/validation-api/1.1.0.Final/8613ae82954779d518631e05daa73a6a954817d5/validation-api-1.1.0.Final.jar]
15:44:06.887 [Test worker] DEBUG o.s.c.i.s.PathMatchingResourcePatternResolver - Looking for matching resources in jar file [file:/C:/Users/Damien/.gradle/caches/modules-2/files-2.1/com.fasterxml/classmate/1.0.0/434efef28c81162b17c540e634cffa3bd9b09b4c/classmate-1.0.0.jar]
15:44:06.889 [Test worker] DEBUG o.s.c.i.s.PathMatchingResourcePatternResolver - Looking for matching resources in jar file [file:/C:/Users/Damien/.gradle/caches/modules-2/files-2.1/ognl/ognl/3.0.6/a3665cf8e3426686ee751790f3d1e1ec5705e9dc/ognl-3.0.6.jar]
15:44:06.891 [Test worker] DEBUG o.s.c.i.s.PathMatchingResourcePatternResolver - Looking for matching resources in jar file [file:/C:/Users/Damien/.gradle/caches/modules-2/files-2.1/org.objenesis/objenesis/2.1/87c0ea803b69252868d09308b4618f766f135a96/objenesis-2.1.jar]
15:44:06.892 [Test worker] DEBUG o.s.c.i.s.PathMatchingResourcePatternResolver - Looking for matching resources in jar file [file:/C:/Users/Damien/.gradle/caches/modules-2/files-2.1/org.slf4j/jul-to-slf4j/1.7.12/8811e2e9ab9055e557598dc9aedc64fd43e0ab20/jul-to-slf4j-1.7.12.jar]
15:44:06.899 [Test worker] DEBUG o.s.c.i.s.PathMatchingResourcePatternResolver - Looking for matching resources in jar file [file:/C:/Users/Damien/.gradle/caches/modules-2/files-2.1/org.slf4j/log4j-over-slf4j/1.7.12/d2444c9c7c1923304c25f86c5ee83a79a8166205/log4j-over-slf4j-1.7.12.jar]
15:44:06.908 [Test worker] DEBUG o.s.c.i.s.PathMatchingResourcePatternResolver - Looking for matching resources in jar file [file:/C:/Users/Damien/.gradle/caches/modules-2/files-2.1/org.apache.tomcat/tomcat-juli/8.0.28/924035c8550867c0ae1f16b3e036be8fd2e3424b/tomcat-juli-8.0.28.jar]
15:44:06.909 [Test worker] DEBUG o.s.c.i.s.PathMatchingResourcePatternResolver - Looking for matching resources in jar file [file:/C:/Users/Damien/.gradle/caches/modules-2/files-2.1/antlr/antlr/2.7.7/83cd2cd674a217ade95a4bb83a8a14f351f48bd0/antlr-2.7.7.jar]
15:44:06.912 [Test worker] DEBUG o.s.c.i.s.PathMatchingResourcePatternResolver - Looking for matching resources in jar file [file:/C:/Users/Damien/.gradle/caches/modules-2/files-2.1/org.jboss/jandex/1.1.0.Final/e84a2122e76f0b6503be78094ddf2108057ac15f/jandex-1.1.0.Final.jar]
15:44:06.913 [Test worker] DEBUG o.s.c.i.s.PathMatchingResourcePatternResolver - Looking for matching resources in jar file [file:/C:/Users/Damien/.gradle/caches/modules-2/files-2.1/xml-apis/xml-apis/1.0.b2/3136ca936f64c9d68529f048c2618bd356bf85c9/xml-apis-1.0.b2.jar]
15:44:06.916 [Test worker] DEBUG o.s.c.i.s.PathMatchingResourcePatternResolver - Looking for matching resources in jar file [file:/C:/Users/Damien/.gradle/caches/modules-2/files-2.1/org.mongodb/mongo-java-driver/2.13.0/6b19c1276871001fa85684475db7e4c538046b52/mongo-java-driver-2.13.0.jar]
15:44:06.920 [Test worker] DEBUG o.s.c.i.s.PathMatchingResourcePatternResolver - Resolved location pattern [classpath*:messages*.properties] to resources []
15:44:06.942 [Test worker] DEBUG o.s.b.f.s.DefaultListableBeanFactory - Returning cached instance of singleton bean 'autoConfigurationReport'
15:44:06.950 [Test worker] DEBUG o.s.b.f.s.DefaultListableBeanFactory - Returning cached instance of singleton bean 'autoConfigurationReport'
15:44:06.987 [Test worker] DEBUG o.s.b.f.s.DefaultListableBeanFactory - Returning cached instance of singleton bean 'autoConfigurationReport'
15:44:06.989 [Test worker] DEBUG o.s.b.f.s.DefaultListableBeanFactory - Returning cached instance of singleton bean 'autoConfigurationReport'
15:44:06.995 [Test worker] DEBUG o.s.b.f.s.DefaultListableBeanFactory - Returning cached instance of singleton bean 'autoConfigurationReport'
15:44:07.018 [Test worker] DEBUG o.s.b.f.s.DefaultListableBeanFactory - Returning cached instance of singleton bean 'autoConfigurationReport'
15:44:07.032 [Test worker] DEBUG o.s.b.f.s.DefaultListableBeanFactory - Returning cached instance of singleton bean 'autoConfigurationReport'
15:44:07.038 [Test worker] DEBUG o.s.b.f.s.DefaultListableBeanFactory - Returning cached instance of singleton bean 'autoConfigurationReport'
15:44:07.039 [Test worker] DEBUG o.s.b.f.s.DefaultListableBeanFactory - Returning cached instance of singleton bean 'autoConfigurationReport'
15:44:07.076 [Test worker] DEBUG o.s.b.f.s.DefaultListableBeanFactory - Returning cached instance of singleton bean 'autoConfigurationReport'
15:44:07.077 [Test worker] DEBUG o.s.b.f.s.DefaultListableBeanFactory - Returning cached instance of singleton bean 'autoConfigurationReport'
15:44:07.085 [Test worker] DEBUG o.s.b.f.s.DefaultListableBeanFactory - Returning cached instance of singleton bean 'autoConfigurationReport'
15:44:07.096 [Test worker] DEBUG o.s.b.f.s.DefaultListableBeanFactory - Returning cached instance of singleton bean 'autoConfigurationReport'
15:44:07.105 [Test worker] DEBUG o.s.b.f.s.DefaultListableBeanFactory - Returning cached instance of singleton bean 'autoConfigurationReport'
15:44:07.106 [Test worker] DEBUG o.s.b.f.s.DefaultListableBeanFactory - Returning cached instance of singleton bean 'autoConfigurationReport'
15:44:07.141 [Test worker] DEBUG o.s.b.f.s.DefaultListableBeanFactory - Returning cached instance of singleton bean 'autoConfigurationReport'
15:44:07.143 [Test worker] DEBUG o.s.b.f.s.DefaultListableBeanFactory - Returning cached instance of singleton bean 'autoConfigurationReport'
15:44:07.151 [Test worker] DEBUG o.s.b.f.s.DefaultListableBeanFactory - Returning cached instance of singleton bean 'autoConfigurationReport'
15:44:07.152 [Test worker] DEBUG o.s.b.f.s.DefaultListableBeanFactory - Returning cached instance of singleton bean 'autoConfigurationReport'
15:44:07.174 [Test worker] DEBUG o.s.b.f.s.DefaultListableBeanFactory - Returning cached instance of singleton bean 'autoConfigurationReport'
15:44:07.216 [Test worker] DEBUG o.s.b.f.s.DefaultListableBeanFactory - Returning cached instance of singleton bean 'autoConfigurationReport'
15:44:07.219 [Test worker] DEBUG o.s.b.f.s.DefaultListableBeanFactory - Returning cached instance of singleton bean 'autoConfigurationReport'
15:44:07.224 [Test worker] DEBUG o.s.b.f.s.DefaultListableBeanFactory - Returning cached instance of singleton bean 'autoConfigurationReport'
15:44:07.226 [Test worker] DEBUG o.s.b.f.s.DefaultListableBeanFactory - Returning cached instance of singleton bean 'autoConfigurationReport'
15:44:07.239 [Test worker] DEBUG o.s.b.f.s.DefaultListableBeanFactory - Returning cached instance of singleton bean 'autoConfigurationReport'
15:44:07.242 [Test worker] DEBUG o.s.b.f.s.DefaultListableBeanFactory - Returning cached instance of singleton bean 'autoConfigurationReport'
15:44:07.256 [Test worker] DEBUG o.s.b.f.s.DefaultListableBeanFactory - Returning cached instance of singleton bean 'autoConfigurationReport'
15:44:07.260 [Test worker] DEBUG o.s.b.f.s.DefaultListableBeanFactory - Returning cached instance of singleton bean 'autoConfigurationReport'
15:44:07.264 [Test worker] DEBUG o.s.b.f.s.DefaultListableBeanFactory - Returning cached instance of singleton bean 'autoConfigurationReport'
15:44:07.270 [Test worker] DEBUG o.s.b.f.s.DefaultListableBeanFactory - Returning cached instance of singleton bean 'autoConfigurationReport'
15:44:07.272 [Test worker] DEBUG o.s.b.f.s.DefaultListableBeanFactory - Returning cached instance of singleton bean 'autoConfigurationReport'
15:44:07.295 [Test worker] DEBUG o.s.b.f.s.DefaultListableBeanFactory - Returning cached instance of singleton bean 'autoConfigurationReport'
15:44:07.308 [Test worker] DEBUG o.s.b.f.s.DefaultListableBeanFactory - Returning cached instance of singleton bean 'autoConfigurationReport'
15:44:07.331 [Test worker] DEBUG o.s.b.f.s.DefaultListableBeanFactory - Returning cached instance of singleton bean 'autoConfigurationReport'
15:44:07.345 [Test worker] DEBUG o.s.b.f.s.DefaultListableBeanFactory - Returning cached instance of singleton bean 'autoConfigurationReport'
15:44:07.356 [Test worker] DEBUG o.s.b.f.s.DefaultListableBeanFactory - Returning cached instance of singleton bean 'autoConfigurationReport'
15:44:07.362 [Test worker] DEBUG o.s.b.f.s.DefaultListableBeanFactory - Returning cached instance of singleton bean 'autoConfigurationReport'
15:44:07.373 [Test worker] DEBUG o.s.b.f.s.DefaultListableBeanFactory - Returning cached instance of singleton bean 'autoConfigurationReport'
15:44:07.373 [Test worker] DEBUG o.s.b.f.s.DefaultListableBeanFactory - Returning cached instance of singleton bean 'autoConfigurationReport'
15:44:07.380 [Test worker] DEBUG o.s.b.f.s.DefaultListableBeanFactory - Returning cached instance of singleton bean 'autoConfigurationReport'
15:44:07.390 [Test worker] DEBUG o.s.b.f.s.DefaultListableBeanFactory - Returning cached instance of singleton bean 'autoConfigurationReport'
15:44:07.407 [Test worker] DEBUG o.s.b.f.s.DefaultListableBeanFactory - Returning cached instance of singleton bean 'autoConfigurationReport'
15:44:07.407 [Test worker] DEBUG o.s.b.f.s.DefaultListableBeanFactory - Returning cached instance of singleton bean 'autoConfigurationReport'
15:44:07.409 [Test worker] DEBUG o.s.b.f.s.DefaultListableBeanFactory - Returning cached instance of singleton bean 'autoConfigurationReport'
15:44:07.422 [Test worker] DEBUG o.s.b.f.s.DefaultListableBeanFactory - Returning cached instance of singleton bean 'autoConfigurationReport'
15:44:07.433 [Test worker] DEBUG o.s.b.f.s.DefaultListableBeanFactory - Returning cached instance of singleton bean 'autoConfigurationReport'
15:44:07.436 [Test worker] DEBUG o.s.b.f.s.DefaultListableBeanFactory - Returning cached instance of singleton bean 'autoConfigurationReport'
15:44:07.439 [Test worker] DEBUG o.s.b.f.s.DefaultListableBeanFactory - Returning cached instance of singleton bean 'autoConfigurationReport'
15:44:07.439 [Test worker] DEBUG o.s.b.f.s.DefaultListableBeanFactory - Returning cached instance of singleton bean 'autoConfigurationReport'
15:44:07.456 [Test worker] DEBUG o.s.core.env.StandardEnvironment - Adding [systemProperties] PropertySource with lowest search precedence
15:44:07.456 [Test worker] DEBUG o.s.core.env.StandardEnvironment - Adding [systemEnvironment] PropertySource with lowest search precedence
15:44:07.456 [Test worker] DEBUG o.s.core.env.StandardEnvironment - Initialized StandardEnvironment with PropertySources [systemProperties,systemEnvironment]
15:44:07.460 [Test worker] DEBUG o.s.c.i.s.PathMatchingResourcePatternResolver - Looking for matching resources in jar file [file:/C:/Users/Damien/.gradle/caches/modules-2/files-2.1/org.springframework.data/spring-data-mongodb/1.8.1.RELEASE/b90c75c49d1271c06e95ba635b73882237d3c262/spring-data-mongodb-1.8.1.RELEASE.jar]
15:44:07.527 [Test worker] DEBUG o.s.c.i.s.PathMatchingResourcePatternResolver - Looking for matching resources in jar file [file:/C:/Users/Damien/.gradle/caches/modules-2/files-2.1/org.springframework.data/spring-data-jpa/1.7.4.RELEASE/922145a12a700b73438b1139dff0e1760de7f712/spring-data-jpa-1.7.4.RELEASE.jar]
15:44:07.533 [Test worker] DEBUG o.s.c.i.s.PathMatchingResourcePatternResolver - Looking for matching resources in jar file [file:/C:/Users/Damien/.gradle/caches/modules-2/files-2.1/org.springframework.data/spring-data-commons/1.11.1.RELEASE/bb04a4cba7a44b8822a63e1681eb9667955bc8bf/spring-data-commons-1.11.1.RELEASE.jar]
15:44:07.558 [Test worker] DEBUG o.s.c.i.s.PathMatchingResourcePatternResolver - Resolved location pattern [classpath*:org/springframework/data/**/*.class] to resources [URL [jar:file:/C:/Users/Damien/.gradle/caches/modules-2/files-2.1/org.springframework.data/spring-data-mongodb/1.8.1.RELEASE/b90c75c49d1271c06e95ba635b73882237d3c262/spring-data-mongodb-1.8.1.RELEASE.jar!/org/springframework/data/mongodb/LazyLoadingException.class], URL [jar:file:/C:/Users/Damien/.gradle/caches/modules-2/files-2.1/org.springframework.data/spring-data-mongodb/1.8.1.RELEASE/b90c75c49d1271c06e95ba635b73882237d3c262/spring-data-mongodb-1.8.1.RELEASE.jar!/org/springframework/data/mongodb/InvalidMongoDbApiUsageException.class], URL [jar:file:/C:/Users/Damien/.gradle/caches/modules-2/files-2.1/org.springframework.data/spring-data-mongodb/1.8.1.RELEASE/b90c75c49d1271c06e95ba635b73882237d3c262/spring-data-mongodb-1.8.1.RELEASE.jar!/org/springframework/data/mongodb/util/DBObjectUtils.class], URL [jar:file:/C:/Users/Damien/.gradle/caches/modules-2/files-2.1/org.springframework.data/spring-data-mongodb/1.8.1.RELEASE/b90c75c49d1271c06e95ba635b73882237d3c262/spring-data-mongodb-1.8.1.RELEASE.jar!/org/springframework/data/mongodb/util/MongoClientVersion.class], URL [jar:file:/C:/Users/Damien/.gradle/caches/modules-2/files-2.1/org.springframework.data/spring-data-mongodb/1.8.1.RELEASE/b90c75c49d1271c06e95ba635b73882237d3c262/spring-data-mongodb-1.8.1.RELEASE.jar!/org/springframework/data/mongodb/repository/Near.class], URL [jar:file:/C:/Users/Damien/.gradle/caches/modules-2/files-2.1/org.springframework.data/spring-data-mongodb/1.8.1.RELEASE/b90c75c49d1271c06e95ba635b73882237d3c262/spring-data-mongodb-1.8.1.RELEASE.jar!/org/springframework/data/mongodb/repository/Query.class], URL [jar:file:/C:/Users/Damien/.gradle/caches/modules-2/files-2.1/org.springframework.data/spring-data-mongodb/1.8.1.RELEASE/b90c75c49d1271c06e95ba635b73882237d3c262/spring-data-mongodb-1.8.1.RELEASE.jar!/org/springframework/data/mongodb/repository/query/AbstractMongoQuery$Execution.class], URL [jar:file:/C:/Users/Damien/.gradle/caches/modules-2/files-2.1/org.springframework.data/spring-data-mongodb/1.8.1.RELEASE/b90c75c49d1271c06e95ba635b73882237d3c262/spring-data-mongodb-1.8.1.RELEASE.jar!/org/springframework/data/mongodb/repository/query/AbstractMongoQuery$PagedExecution.class], URL [jar:file:/C:/Users/Damien/.gradle/caches/modules-2/files-2.1/org.springframework.data/spring-data-mongodb/1.8.1.RELEASE/b90c75c49d1271c06e95ba635b73882237d3c262/spring-data-mongodb-1.8.1.RELEASE.jar!/org/springframework/data/mongodb/repository/query/AbstractMongoQuery$SlicedExecution.class], URL [jar:file:/C:/Users/Damien/.gradle/caches/modules-2/files-2.1/org.springframework.data/spring-data-mongodb/1.8.1.RELEASE/b90c75c49d1271c06e95ba635b73882237d3c262/spring-data-mongodb-1.8.1.RELEASE.jar!/org/springframework/data/mongodb/repository/query/MongoParameters.class], URL [jar:file:/C:/Users/Damien/.gradle/caches/modules-2/files-2.1/org.springframework.data/spring-data-mongodb/1.8.1.RELEASE/b90c75c49d1271c06e95ba635b73882237d3c262/spring-data-mongodb-1.8.1.RELEASE.jar!/org/springframework/data/mongodb/repository/query/MongoParameters$MongoParameter.class], URL [jar:file:/C:/Users/Damien/.gradle/caches/modules-2/files-2.1/org.springframework.data/spring-data-mongodb/1.8.1.RELEASE/b90c75c49d1271c06e95ba635b73882237d3c262/spring-data-mongodb-1.8.1.RELEASE.jar!/org/springframework/data/mongodb/repository/query/MongoEntityMetadata.class], URL [jar:file:/C:/Users/Damien/.gradle/caches/modules-2/files-2.1/org.springframework.data/spring-data-mongodb/1.8.1.RELEASE/b90c75c49d1271c06e95ba635b73882237d3c262/spring-data-mongodb-1.8.1.RELEASE.jar!/org/springframework/data/mongodb/repository/query/MongoParameterAccessor.class], URL [jar:file:/C:/Users/Damien/.gradle/caches/modules-2/files-2.1/org.springframework.data/spring-data-mongodb/1.8.1.RELEASE/b90c75c49d1271c06e95ba635b73882237d3c262/spring-data-mongodb-1.8.1.RELEASE.jar!/org/springframework/data/mongodb/repository/query/StringBasedMongoQuery$ParameterBinding.class], URL [jar:file:/C:/Users/Damien/.gradle/caches/modules-2/files-2.1/org.springframework.data/spring-data-mongodb/1.8.1.RELEASE/b90c75c49d1271c06e95ba635b73882237d3c262/spring-data-mongodb-1.8.1.RELEASE.jar!/org/springframework/data/mongodb/repository/query/ConvertingParameterAccessor.class], URL [jar:file:/C:/Users/Damien/.gradle/caches/modules-2/files-2.1/org.springframework.data/spring-data-mongodb/1.8.1.RELEASE/b90c75c49d1271c06e95ba635b73882237d3c262/spring-data-mongodb-1.8.1.RELEASE.jar!/org/springframework/data/mongodb/repository/query/AbstractMongoQuery$1.class], URL [jar:file:/C:/Users/Damien/.gradle/caches/modules-2/files-2.1/org.springframework.data/spring-data-mongodb/1.8.1.RELEASE/b90c75c49d1271c06e95ba635b73882237d3c262/spring-data-mongodb-1.8.1.RELEASE.jar!/org/springframework/data/mongodb/repository/query/PartTreeMongoQuery.class], URL [jar:file:/C:/Users/Damien/.gradle/caches/modules-2/files-2.1/org.springframework.data/spring-data-mongodb/1.8.1.RELEASE/b90c75c49d1271c06e95ba635b73882237d3c262/spring-data-mongodb-1.8.1.RELEASE.jar!/org/springframework/data/mongodb/repository/query/MongoQueryCreator.class], URL [jar:file:/C:/Users/Damien/.gradle/caches/modules-2/files-2.1/org.springframework.data/spring-data-mongodb/1.8.1.RELEASE/b90c75c49d1271c06e95ba635b73882237d3c262/spring-data-mongodb-1.8.1.RELEASE.jar!/org/springframework/data/mongodb/repository/query/MongoQueryMethod.class], URL [jar:file:/C:/Users/Damien/.gradle/caches/modules-2/files-2.1/org.springframework.data/spring-data-mongodb/1.8.1.RELEASE/b90c75c49d1271c06e95ba635b73882237d3c262/spring-data-mongodb-1.8.1.RELEASE.jar!/org/springframework/data/mongodb/repository/query/StringBasedMongoQuery.class], URL [jar:file:/C:/Users/Damien/.gradle/caches/modules-2/files-2.1/org.springframework.data/spring-data-mongodb/1.8.1.RELEASE/b90c75c49d1271c06e95ba635b73882237d3c262/spring-data-mongodb-1.8.1.RELEASE.jar!/org/springframework/data/mongodb/repository/query/AbstractMongoQuery$DeleteExecution.class], URL [jar:file:/C:/Users/Damien/.gradle/caches/modules-2/files-2.1/org.springframework.data/spring-data-mongodb/1.8.1.RELEASE/b90c75c49d1271c06e95ba635b73882237d3c262/spring-data-mongodb-1.8.1.RELEASE.jar!/org/springframework/data/mongodb/repository/query/AbstractMongoQuery$SingleEntityExecution.class], URL [jar:file:/C:/Users/Damien/.gradle/caches/modules-2/files-2.1/org.springframework.data/spring-data-mongodb/1.8.1.RELEASE/b90c75c49d1271c06e95ba635b73882237d3c262/spring-data-mongodb-1.8.1.RELEASE.jar!/org/springframework/data/mongodb/repository/query/MongoEntityInformation.class], URL [jar:file:/C:/Users/Damien/.gradle/caches/modules-2/files-2.1/org.springframework.data/spring-data-mongodb/1.8.1.RELEASE/b90c75c49d1271c06e95ba635b73882237d3c262/spring-data-mongodb-1.8.1.RELEASE.jar!/org/springframework/data/mongodb/repository/query/AbstractMongoQuery.class], URL [jar:file:/C:/Users/Damien/.gradle/caches/modules-2/files-2.1/org.springframework.data/spring-data-mongodb/1.8.1.RELEASE/b90c75c49d1271c06e95ba635b73882237d3c262/spring-data-mongodb-1.8.1.RELEASE.jar!/org/springframework/data/mongodb/repository/query/AbstractMongoQuery$GeoNearExecution.class], URL [jar:file:/C:/Users/Damien/.gradle/caches/modules-2/files-2.1/org.springframework.data/spring-data-mongodb/1.8.1.RELEASE/b90c75c49d1271c06e95ba635b73882237d3c262/spring-data-mongodb-1.8.1.RELEASE.jar!/org/springframework/data/mongodb/repository/query/StringBasedMongoQuery$ParameterBindingParser.class], URL [jar:file:/C:/Users/Damien/.gradle/caches/modules-2/files-2.1/org.springframework.data/spring-data-mongodb/1.8.1.RELEASE/b90c75c49d1271c06e95ba635b73882237d3c262/spring-data-mongodb-1.8.1.RELEASE.jar!/org/springframework/data/mongodb/repository/query/ConvertingParameterAccessor$ConvertingIterator.class], URL [jar:file:/C:/Users/Damien/.gradle/caches/modules-2/files-2.1/org.springframework.data/spring-data-mongodb/1.8.1.RELEASE/b90c75c49d1271c06e95ba635b73882237d3c262/spring-data-mongodb-1.8.1.RELEASE.jar!/org/springframework/data/mongodb/repository/query/AbstractMongoQuery$CollectionExecution.class], URL [jar:file:/C:/Users/Damien/.gradle/caches/modules-2/files-2.1/org.springframework.data/spring-data-mongodb/1.8.1.RELEASE/b90c75c49d1271c06e95ba635b73882237d3c262/spring-data-mongodb-1.8.1.RELEASE.jar!/org/springframework/data/mongodb/repository/query/ConvertingParameterAccessor$PotentiallyConvertingIterator.class], URL [jar:file:/C:/Users/Damien/.gradle/caches/modules-2/files-2.1/org.springframework.data/spring-data-mongodb/1.8.1.RELEASE/b90c75c49d1271c06e95ba635b73882237d3c262/spring-data-mongodb-1.8.1.RELEASE.jar!/org/springframework/data/mongodb/repository/query/MongoParametersParameterAccessor.class], URL [jar:file:/C:/Users/Damien/.gradle/caches/modules-2/files-2.1/org.springframework.data/spring-data-mongodb/1.8.1.RELEASE/b90c75c49d1271c06e95ba635b73882237d3c262/spring-data-mongodb-1.8.1.RELEASE.jar!/org/springframework/data/mongodb/repository/query/SimpleMongoEntityMetadata.class], URL [jar:file:/C:/Users/Damien/.gradle/caches/modules-2/files-2.1/org.springframework.data/spring-data-mongodb/1.8.1.RELEASE/b90c75c49d1271c06e95ba635b73882237d3c262/spring-data-mongodb-1.8.1.RELEASE.jar!/org/springframework/data/mongodb/repository/query/QueryUtils.class], URL [jar:file:/C:/Users/Damien/.gradle/caches/modules-2/files-2.1/org.springframework.data/spring-data-mongodb/1.8.1.RELEASE/b90c75c49d1271c06e95ba635b73882237d3c262/spring-data-mongodb-1.8.1.RELEASE.jar!/org/springframework/data/mongodb/repository/query/AbstractMongoQuery$StreamExecution.class], URL [jar:file:/C:/Users/Damien/.gradle/caches/modules-2/files-2.1/org.springframework.data/spring-data-mongodb/1.8.1.RELEASE/b90c75c49d1271c06e95ba635b73882237d3c262/spring-data-mongodb-1.8.1.RELEASE.jar!/org/springframework/data/mongodb/repository/query/MongoQueryCreator$1.class], URL [jar:file:/C:/Users/Damien/.gradle/caches/modules-2/files-2.1/org.springframework.data/spring-data-mongodb/1.8.1.RELEASE/b90c75c49d1271c06e95ba635b73882237d3c262/spring-data-mongodb-1.8.1.RELEASE.jar!/org/springframework/data/mongodb/repository/cdi/MongoRepositoryBean.class], URL [jar:file:/C:/Users/Damien/.gradle/caches/modules-2/files-2.1/org.springframework.data/spring-data-mongodb/1.8.1.RELEASE/b90c75c49d1271c06e95ba635b73882237d3c262/spring-data-mongodb-1.8.1.RELEASE.jar!/org/springframework/data/mongodb/repository/cdi/MongoRepositoryExtension.class], URL [jar:file:/C:/Users/Damien/.gradle/caches/modules-2/files-2.1/org.springframework.data/spring-data-mongodb/1.8.1.RELEASE/b90c75c49d1271c06e95ba635b73882237d3c262/spring-data-mongodb-1.8.1.RELEASE.jar!/org/springframework/data/mongodb/repository/config/MongoRepositoryConfigNamespaceHandler.class], URL [jar:file:/C:/Users/Damien/.gradle/caches/modules-2/files-2.1/org.springframework.data/spring-data-mongodb/1.8.1.RELEASE/b90c75c49d1271c06e95ba635b73882237d3c262/spring-data-mongodb-1.8.1.RELEASE.jar!/org/springframework/data/mongodb/repository/config/MongoRepositoriesRegistrar.class], URL [jar:file:/C:/Users/Damien/.gradle/caches/modules-2/files-2.1/org.springframework.data/spring-data-mongodb/1.8.1.RELEASE/b90c75c49d1271c06e95ba635b73882237d3c262/spring-data-mongodb-1.8.1.RELEASE.jar!/org/springframework/data/mongodb/repository/config/EnableMongoRepositories.class], URL [jar:file:/C:/Users/Damien/.gradle/caches/modules-2/files-2.1/org.springframework.data/spring-data-mongodb/1.8.1.RELEASE/b90c75c49d1271c06e95ba635b73882237d3c262/spring-data-mongodb-1.8.1.RELEASE.jar!/org/springframework/data/mongodb/repository/config/MongoRepositoryConfigurationExtension.class], URL [jar:file:/C:/Users/Damien/.gradle/caches/modules-2/files-2.1/org.springframework.data/spring-data-mongodb/1.8.1.RELEASE/b90c75c49d1271c06e95ba635b73882237d3c262/spring-data-mongodb-1.8.1.RELEASE.jar!/org/springframework/data/mongodb/repository/support/MongoRepositoryFactory.class], URL [jar:file:/C:/Users/Damien/.gradle/caches/modules-2/files-2.1/org.springframework.data/spring-data-mongodb/1.8.1.RELEASE/b90c75c49d1271c06e95ba635b73882237d3c262/spring-data-mongodb-1.8.1.RELEASE.jar!/org/springframework/data/mongodb/repository/support/MongoRepositoryFactoryBean.class], URL [jar:file:/C:/Users/Damien/.gradle/caches/modules-2/files-2.1/org.springframework.data/spring-data-mongodb/1.8.1.RELEASE/b90c75c49d1271c06e95ba635b73882237d3c262/spring-data-mongodb-1.8.1.RELEASE.jar!/org/springframework/data/mongodb/repository/support/MongoRepositoryFactory$MongoQueryLookupStrategy.class], URL [jar:file:/C:/Users/Damien/.gradle/caches/modules-2/files-2.1/org.springframework.data/spring-data-mongodb/1.8.1.RELEASE/b90c75c49d1271c06e95ba635b73882237d3c262/spring-data-mongodb-1.8.1.RELEASE.jar!/org/springframework/data/mongodb/repository/support/QuerydslRepositorySupport.class], URL [jar:file:/C:/Users/Damien/.gradle/caches/modules-2/files-2.1/org.springframework.data/spring-data-mongodb/1.8.1.RELEASE/b90c75c49d1271c06e95ba635b73882237d3c262/spring-data-mongodb-1.8.1.RELEASE.jar!/org/springframework/data/mongodb/repository/support/MappingMongoEntityInformation.class], URL [jar:file:/C:/Users/Damien/.gradle/caches/modules-2/files-2.1/org.springframework.data/spring-data-mongodb/1.8.1.RELEASE/b90c75c49d1271c06e95ba635b73882237d3c262/spring-data-mongodb-1.8.1.RELEASE.jar!/org/springframework/data/mongodb/repository/support/SimpleMongoRepository.class], URL [jar:file:/C:/Users/Damien/.gradle/caches/modules-2/files-2.1/org.springframework.data/spring-data-mongodb/1.8.1.RELEASE/b90c75c49d1271c06e95ba635b73882237d3c262/spring-data-mongodb-1.8.1.RELEASE.jar!/org/springframework/data/mongodb/repository/support/MongoAnnotationProcessor.class], URL [jar:file:/C:/Users/Damien/.gradle/caches/modules-2/files-2.1/org.springframework.data/spring-data-mongodb/1.8.1.RELEASE/b90c75c49d1271c06e95ba635b73882237d3c262/spring-data-mongodb-1.8.1.RELEASE.jar!/org/springframework/data/mongodb/repository/support/SpringDataMongodbQuery.class], URL [jar:file:/C:/Users/Damien/.gradle/caches/modules-2/files-2.1/org.springframework.data/spring-data-mongodb/1.8.1.RELEASE/b90c75c49d1271c06e95ba635b73882237d3c262/spring-data-mongodb-1.8.1.RELEASE.jar!/org/springframework/data/mongodb/repository/support/SpringDataMongodbQuery$1.class], URL [jar:file:/C:/Users/Damien/.gradle/caches/modules-2/files-2.1/org.springframework.data/spring-data-mongodb/1.8.1.RELEASE/b90c75c49d1271c06e95ba635b73882237d3c262/spring-data-mongodb-1.8.1.RELEASE.jar!/org/springframework/data/mongodb/repository/support/QueryDslMongoRepository.class], URL [jar:file:/C:/Users/Damien/.gradle/caches/modules-2/files-2.1/org.springframework.data/spring-data-mongodb/1.8.1.RELEASE/b90c75c49d1271c06e95ba635b73882237d3c262/spring-data-mongodb-1.8.1.RELEASE.jar!/org/springframework/data/mongodb/repository/support/SpringDataMongodbSerializer.class], URL [jar:file:/C:/Users/Damien/.gradle/caches/modules-2/files-2.1/org.springframework.data/spring-data-mongodb/1.8.1.RELEASE/b90c75c49d1271c06e95ba635b73882237d3c262/spring-data-mongodb-1.8.1.RELEASE.jar!/org/springframework/data/mongodb/repository/support/IndexEnsuringQueryCreationListener.class], URL [jar:file:/C:/Users/Damien/.gradle/caches/modules-2/files-2.1/org.springframework.data/spring-data-mongodb/1.8.1.RELEASE/b90c75c49d1271c06e95ba635b73882237d3c262/spring-data-mongodb-1.8.1.RELEASE.jar!/org/springframework/data/mongodb/repository/MongoRepository.class], URL [jar:file:/C:/Users/Damien/.gradle/caches/modules-2/files-2.1/org.springframework.data/spring-data-mongodb/1.8.1.RELEASE/b90c75c49d1271c06e95ba635b73882237d3c262/spring-data-mongodb-1.8.1.RELEASE.jar!/org/springframework/data/mongodb/repository/Meta.class], URL [jar:file:/C:/Users/Damien/.gradle/caches/modules-2/files-2.1/org.springframework.data/spring-data-mongodb/1.8.1.RELEASE/b90c75c49d1271c06e95ba635b73882237d3c262/spring-data-mongodb-1.8.1.RELEASE.jar!/org/springframework/data/mongodb/gridfs/GridFsResource.class], URL [jar:file:/C:/Users/Damien/.gradle/caches/modules-2/files-2.1/org.springframework.data/spring-data-mongodb/1.8.1.RELEASE/b90c75c49d1271c06e95ba635b73882237d3c262/spring-data-mongodb-1.8.1.RELEASE.jar!/org/springframework/data/mongodb/gridfs/GridFsOperations.class], URL [jar:file:/C:/Users/Damien/.gradle/caches/modules-2/files-2.1/org.springframework.data/spring-data-mongodb/1.8.1.RELEASE/b90c75c49d1271c06e95ba635b73882237d3c262/spring-data-mongodb-1.8.1.RELEASE.jar!/org/springframework/data/mongodb/gridfs/AntPath.class], URL [jar:file:/C:/Users/Damien/.gradle/caches/modules-2/files-2.1/org.springframework.data/spring-data-mongodb/1.8.1.RELEASE/b90c75c49d1271c06e95ba635b73882237d3c262/spring-data-mongodb-1.8.1.RELEASE.jar!/org/springframework/data/mongodb/gridfs/GridFsCriteria.class], URL [jar:file:/C:/Users/Damien/.gradle/caches/modules-2/files-2.1/org.springframework.data/spring-data-mongodb/1.8.1.RELEASE/b90c75c49d1271c06e95ba635b73882237d3c262/spring-data-mongodb-1.8.1.RELEASE.jar!/org/springframework/data/mongodb/gridfs/GridFsTemplate.class], URL [jar:file:/C:/Users/Damien/.gradle/caches/modules-2/files-2.1/org.springframework.data/spring-data-mongodb/1.8.1.RELEASE/b90c75c49d1271c06e95ba635b73882237d3c262/spring-data-mongodb-1.8.1.RELEASE.jar!/org/springframework/data/mongodb/monitor/AssertMetrics.class], URL [jar:file:/C:/Users/Damien/.gradle/caches/modules-2/files-2.1/org.springframework.data/spring-data-mongodb/1.8.1.RELEASE/b90c75c49d1271c06e95ba635b73882237d3c262/spring-data-mongodb-1.8.1.RELEASE.jar!/org/springframework/data/mongodb/monitor/AbstractMonitor.class], URL [jar:file:/C:/Users/Damien/.gradle/caches/modules-2/files-2.1/org.springframework.data/spring-data-mongodb/1.8.1.RELEASE/b90c75c49d1271c06e95ba635b73882237d3c262/spring-data-mongodb-1.8.1.RELEASE.jar!/org/springframework/data/mongodb/monitor/GlobalLockMetrics.class], URL [jar:file:/C:/Users/Damien/.gradle/caches/modules-2/files-2.1/org.springframework.data/spring-data-mongodb/1.8.1.RELEASE/b90c75c49d1271c06e95ba635b73882237d3c262/spring-data-mongodb-1.8.1.RELEASE.jar!/org/springframework/data/mongodb/monitor/ServerInfo.class], URL [jar:file:/C:/Users/Damien/.gradle/caches/modules-2/files-2.1/org.springframework.data/spring-data-mongodb/1.8.1.RELEASE/b90c75c49d1271c06e95ba635b73882237d3c262/spring-data-mongodb-1.8.1.RELEASE.jar!/org/springframework/data/mongodb/monitor/BackgroundFlushingMetrics.class], URL [jar:file:/C:/Users/Damien/.gradle/caches/modules-2/files-2.1/org.springframework.data/spring-data-mongodb/1.8.1.RELEASE/b90c75c49d1271c06e95ba635b73882237d3c262/spring-data-mongodb-1.8.1.RELEASE.jar!/org/springframework/data/mongodb/monitor/BtreeIndexCounters.class], URL [jar:file:/C:/Users/Damien/.gradle/caches/modules-2/files-2.1/org.springframework.data/spring-data-mongodb/1.8.1.RELEASE/b90c75c49d1271c06e95ba635b73882237d3c262/spring-data-mongodb-1.8.1.RELEASE.jar!/org/springframework/data/mongodb/monitor/OperationCounters.class], URL [jar:file:/C:/Users/Damien/.gradle/caches/modules-2/files-2.1/org.springframework.data/spring-data-mongodb/1.8.1.RELEASE/b90c75c49d1271c06e95ba635b73882237d3c262/spring-data-mongodb-1.8.1.RELEASE.jar!/org/springframework/data/mongodb/monitor/MemoryMetrics.class], URL [jar:file:/C:/Users/Damien/.gradle/caches/modules-2/files-2.1/org.springframework.data/spring-data-mongodb/1.8.1.RELEASE/b90c75c49d1271c06e95ba635b73882237d3c262/spring-data-mongodb-1.8.1.RELEASE.jar!/org/springframework/data/mongodb/monitor/ConnectionMetrics.class], URL [jar:file:/C:/Users/Damien/.gradle/caches/modules-2/files-2.1/org.springframework.data/spring-data-mongodb/1.8.1.RELEASE/b90c75c49d1271c06e95ba635b73882237d3c262/spring-data-mongodb-1.8.1.RELEASE.jar!/org/springframework/data/mongodb/MongoCollectionUtils.class], URL [jar:file:/C:/Users/Damien/.gradle/caches/modules-2/files-2.1/org.springframework.data/spring-data-mongodb/1.8.1.RELEASE/b90c75c49d1271c06e95ba635b73882237d3c262/spring-data-mongodb-1.8.1.RELEASE.jar!/org/springframework/data/mongodb/config/StringToWriteConcernConverter.class], URL [jar:file:/C:/Users/Damien/.gradle/caches/modules-2/files-2.1/org.springframework.data/spring-data-mongodb/1.8.1.RELEASE/b90c75c49d1271c06e95ba635b73882237d3c262/spring-data-mongodb-1.8.1.RELEASE.jar!/org/springframework/data/mongodb/config/ReadPreferencePropertyEditor.class], URL [jar:file:/C:/Users/Damien/.gradle/caches/modules-2/files-2.1/org.springframework.data/spring-data-mongodb/1.8.1.RELEASE/b90c75c49d1271c06e95ba635b73882237d3c262/spring-data-mongodb-1.8.1.RELEASE.jar!/org/springframework/data/mongodb/config/ServerAddressPropertyEditor.class], URL [jar:file:/C:/Users/Damien/.gradle/caches/modules-2/files-2.1/org.springframework.data/spring-data-mongodb/1.8.1.RELEASE/b90c75c49d1271c06e95ba635b73882237d3c262/spring-data-mongodb-1.8.1.RELEASE.jar!/org/springframework/data/mongodb/config/MappingMongoConverterParser.class], URL [jar:file:/C:/Users/Damien/.gradle/caches/modules-2/files-2.1/org.springframework.data/spring-data-mongodb/1.8.1.RELEASE/b90c75c49d1271c06e95ba635b73882237d3c262/spring-data-mongodb-1.8.1.RELEASE.jar!/org/springframework/data/mongodb/config/AbstractMongoConfiguration.class], URL [jar:file:/C:/Users/Damien/.gradle/caches/modules-2/files-2.1/org.springframework.data/spring-data-mongodb/1.8.1.RELEASE/b90c75c49d1271c06e95ba635b73882237d3c262/spring-data-mongodb-1.8.1.RELEASE.jar!/org/springframework/data/mongodb/config/MongoNamespaceHandler.class], URL [jar:file:/C:/Users/Damien/.gradle/caches/modules-2/files-2.1/org.springframework.data/spring-data-mongodb/1.8.1.RELEASE/b90c75c49d1271c06e95ba635b73882237d3c262/spring-data-mongodb-1.8.1.RELEASE.jar!/org/springframework/data/mongodb/config/EnableMongoAuditing.class], URL [jar:file:/C:/Users/Damien/.gradle/caches/modules-2/files-2.1/org.springframework.data/spring-data-mongodb/1.8.1.RELEASE/b90c75c49d1271c06e95ba635b73882237d3c262/spring-data-mongodb-1.8.1.RELEASE.jar!/org/springframework/data/mongodb/config/MongoCredentialPropertyEditor.class], URL [jar:file:/C:/Users/Damien/.gradle/caches/modules-2/files-2.1/org.springframework.data/spring-data-mongodb/1.8.1.RELEASE/b90c75c49d1271c06e95ba635b73882237d3c262/spring-data-mongodb-1.8.1.RELEASE.jar!/org/springframework/data/mongodb/config/GridFsTemplateParser.class], URL [jar:file:/C:/Users/Damien/.gradle/caches/modules-2/files-2.1/org.springframework.data/spring-data-mongodb/1.8.1.RELEASE/b90c75c49d1271c06e95ba635b73882237d3c262/spring-data-mongodb-1.8.1.RELEASE.jar!/org/springframework/data/mongodb/config/MongoClientParser.class], URL [jar:file:/C:/Users/Damien/.gradle/caches/modules-2/files-2.1/org.springframework.data/spring-data-mongodb/1.8.1.RELEASE/b90c75c49d1271c06e95ba635b73882237d3c262/spring-data-mongodb-1.8.1.RELEASE.jar!/org/springframework/data/mongodb/config/MappingMongoConverterParser$NegatingFilter.class], URL [jar:file:/C:/Users/Damien/.gradle/caches/modules-2/files-2.1/org.springframework.data/spring-data-mongodb/1.8.1.RELEASE/b90c75c49d1271c06e95ba635b73882237d3c262/spring-data-mongodb-1.8.1.RELEASE.jar!/org/springframework/data/mongodb/config/MongoDbFactoryParser.class], URL [jar:file:/C:/Users/Damien/.gradle/caches/modules-2/files-2.1/org.springframework.data/spring-data-mongodb/1.8.1.RELEASE/b90c75c49d1271c06e95ba635b73882237d3c262/spring-data-mongodb-1.8.1.RELEASE.jar!/org/springframework/data/mongodb/config/MongoAuditingBeanDefinitionParser.class], URL [jar:file:/C:/Users/Damien/.gradle/caches/modules-2/files-2.1/org.springframework.data/spring-data-mongodb/1.8.1.RELEASE/b90c75c49d1271c06e95ba635b73882237d3c262/spring-data-mongodb-1.8.1.RELEASE.jar!/org/springframework/data/mongodb/config/BeanNames.class], URL [jar:file:/C:/Users/Damien/.gradle/caches/modules-2/files-2.1/org.springframework.data/spring-data-mongodb/1.8.1.RELEASE/b90c75c49d1271c06e95ba635b73882237d3c262/spring-data-mongodb-1.8.1.RELEASE.jar!/org/springframework/data/mongodb/config/MongoJmxParser.class], URL [jar:file:/C:/Users/Damien/.gradle/caches/modules-2/files-2.1/org.springframework.data/spring-data-mongodb/1.8.1.RELEASE/b90c75c49d1271c06e95ba635b73882237d3c262/spring-data-mongodb-1.8.1.RELEASE.jar!/org/springframework/data/mongodb/config/WriteConcernPropertyEditor.class], URL [jar:file:/C:/Users/Damien/.gradle/caches/modules-2/files-2.1/org.springframework.data/spring-data-mongodb/1.8.1.RELEASE/b90c75c49d1271c06e95ba635b73882237d3c262/spring-data-mongodb-1.8.1.RELEASE.jar!/org/springframework/data/mongodb/config/MongoAuditingRegistrar.class], URL [jar:file:/C:/Users/Damien/.gradle/caches/modules-2/files-2.1/org.springframework.data/spring-data-mongodb/1.8.1.RELEASE/b90c75c49d1271c06e95ba635b73882237d3c262/spring-data-mongodb-1.8.1.RELEASE.jar!/org/springframework/data/mongodb/config/MongoParsingUtils.class], URL [jar:file:/C:/Users/Damien/.gradle/caches/modules-2/files-2.1/org.springframework.data/spring-data-mongodb/1.8.1.RELEASE/b90c75c49d1271c06e95ba635b73882237d3c262/spring-data-mongodb-1.8.1.RELEASE.jar!/org/springframework/data/mongodb/config/MongoParser.class], URL [jar:file:/C:/Users/Damien/.gradle/caches/modules-2/files-2.1/org.springframework.data/spring-data-mongodb/1.8.1.RELEASE/b90c75c49d1271c06e95ba635b73882237d3c262/spring-data-mongodb-1.8.1.RELEASE.jar!/org/springframework/data/mongodb/config/MongoTemplateParser.class], URL [jar:file:/C:/Users/Damien/.gradle/caches/modules-2/files-2.1/org.springframework.data/spring-data-mongodb/1.8.1.RELEASE/b90c75c49d1271c06e95ba635b73882237d3c262/spring-data-mongodb-1.8.1.RELEASE.jar!/org/springframework/data/mongodb/UncategorizedMongoDbException.class], URL [jar:file:/C:/Users/Damien/.gradle/caches/modules-2/files-2.1/org.springframework.data/spring-data-mongodb/1.8.1.RELEASE/b90c75c49d1271c06e95ba635b73882237d3c262/spring-data-mongodb-1.8.1.RELEASE.jar!/org/springframework/data/mongodb/MongoDbFactory.class], URL [jar:file:/C:/Users/Damien/.gradle/caches/modules-2/files-2.1/org.springframework.data/spring-data-mongodb/1.8.1.RELEASE/b90c75c49d1271c06e95ba635b73882237d3c262/spring-data-mongodb-1.8.1.RELEASE.jar!/org/springframework/data/mongodb/CannotGetMongoDbConnectionException.class], URL [jar:file:/C:/Users/Damien/.gradle/caches/modules-2/files-2.1/org.springframework.data/spring-data-mongodb/1.8.1.RELEASE/b90c75c49d1271c06e95ba635b73882237d3c262/spring-data-mongodb-1.8.1.RELEASE.jar!/org/springframework/data/mongodb/core/MongoTemplate$13.class], URL [jar:file:/C:/Users/Damien/.gradle/caches/modules-2/files-2.1/org.springframework.data/spring-data-mongodb/1.8.1.RELEASE/b90c75c49d1271c06e95ba635b73882237d3c262/spring-data-mongodb-1.8.1.RELEASE.jar!/org/springframework/data/mongodb/core/mapping/BasicMongoPersistentProperty.class], URL [jar:file:/C:/Users/Damien/.gradle/caches/modules-2/files-2.1/org.springframework.data/spring-data-mongodb/1.8.1.RELEASE/b90c75c49d1271c06e95ba635b73882237d3c262/spring-data-mongodb-1.8.1.RELEASE.jar!/org/springframework/data/mongodb/core/mapping/MongoPersistentProperty.class], URL [jar:file:/C:/Users/Damien/.gradle/caches/modules-2/files-2.1/org.springframework.data/spring-data-mongodb/1.8.1.RELEASE/b90c75c49d1271c06e95ba635b73882237d3c262/spring-data-mongodb-1.8.1.RELEASE.jar!/org/springframework/data/mongodb/core/mapping/MongoPersistentProperty$PropertyToFieldNameConverter.class], URL [jar:file:/C:/Users/Damien/.gradle/caches/modules-2/files-2.1/org.springframework.data/spring-data-mongodb/1.8.1.RELEASE/b90c75c49d1271c06e95ba635b73882237d3c262/spring-data-mongodb-1.8.1.RELEASE.jar!/org/springframework/data/mongodb/core/mapping/BasicMongoPersistentEntity$MongoPersistentPropertyComparator.class], URL [jar:file:/C:/Users/Damien/.gradle/caches/modules-2/files-2.1/org.springframework.data/spring-data-mongodb/1.8.1.RELEASE/b90c75c49d1271c06e95ba635b73882237d3c262/spring-data-mongodb-1.8.1.RELEASE.jar!/org/springframework/data/mongodb/core/mapping/TextScore.class], URL [jar:file:/C:/Users/Damien/.gradle/caches/modules-2/files-2.1/org.springframework.data/spring-data-mongodb/1.8.1.RELEASE/b90c75c49d1271c06e95ba635b73882237d3c262/spring-data-mongodb-1.8.1.RELEASE.jar!/org/springframework/data/mongodb/core/mapping/DBRef.class], URL [jar:file:/C:/Users/Damien/.gradle/caches/modules-2/files-2.1/org.springframework.data/spring-data-mongodb/1.8.1.RELEASE/b90c75c49d1271c06e95ba635b73882237d3c262/spring-data-mongodb-1.8.1.RELEASE.jar!/org/springframework/data/mongodb/core/mapping/BasicMongoPersistentEntity$AssertFieldNameUniquenessHandler.class], URL [jar:file:/C:/Users/Damien/.gradle/caches/modules-2/files-2.1/org.springframework.data/spring-data-mongodb/1.8.1.RELEASE/b90c75c49d1271c06e95ba635b73882237d3c262/spring-data-mongodb-1.8.1.RELEASE.jar!/org/springframework/data/mongodb/core/mapping/BasicMongoPersistentEntity$PropertyTypeAssertionHandler.class], URL [jar:file:/C:/Users/Damien/.gradle/caches/modules-2/files-2.1/org.springframework.data/spring-data-mongodb/1.8.1.RELEASE/b90c75c49d1271c06e95ba635b73882237d3c262/spring-data-mongodb-1.8.1.RELEASE.jar!/org/springframework/data/mongodb/core/mapping/BasicMongoPersistentEntity.class], URL [jar:file:/C:/Users/Damien/.gradle/caches/modules-2/files-2.1/org.springframework.data/spring-data-mongodb/1.8.1.RELEASE/b90c75c49d1271c06e95ba635b73882237d3c262/spring-data-mongodb-1.8.1.RELEASE.jar!/org/springframework/data/mongodb/core/mapping/MongoPersistentEntity.class], URL [jar:file:/C:/Users/Damien/.gradle/caches/modules-2/files-2.1/org.springframework.data/spring-data-mongodb/1.8.1.RELEASE/b90c75c49d1271c06e95ba635b73882237d3c262/spring-data-mongodb-1.8.1.RELEASE.jar!/org/springframework/data/mongodb/core/mapping/BasicMongoPersistentEntity$1.class], URL [jar:file:/C:/Users/Damien/.gradle/caches/modules-2/files-2.1/org.springframework.data/spring-data-mongodb/1.8.1.RELEASE/b90c75c49d1271c06e95ba635b73882237d3c262/spring-data-mongodb-1.8.1.RELEASE.jar!/org/springframework/data/mongodb/core/mapping/MongoMappingContext.class], URL [jar:file:/C:/Users/Damien/.gradle/caches/modules-2/files-2.1/org.springframework.data/spring-data-mongodb/1.8.1.RELEASE/b90c75c49d1271c06e95ba635b73882237d3c262/spring-data-mongodb-1.8.1.RELEASE.jar!/org/springframework/data/mongodb/core/mapping/Document.class], URL [jar:file:/C:/Users/Damien/.gradle/caches/modules-2/files-2.1/org.springframework.data/spring-data-mongodb/1.8.1.RELEASE/b90c75c49d1271c06e95ba635b73882237d3c262/spring-data-mongodb-1.8.1.RELEASE.jar!/org/springframework/data/mongodb/core/mapping/Language.class], URL [jar:file:/C:/Users/Damien/.gradle/caches/modules-2/files-2.1/org.springframework.data/spring-data-mongodb/1.8.1.RELEASE/b90c75c49d1271c06e95ba635b73882237d3c262/spring-data-mongodb-1.8.1.RELEASE.jar!/org/springframework/data/mongodb/core/mapping/Version.class], URL [jar:file:/C:/Users/Damien/.gradle/caches/modules-2/files-2.1/org.springframework.data/spring-data-mongodb/1.8.1.RELEASE/b90c75c49d1271c06e95ba635b73882237d3c262/spring-data-mongodb-1.8.1.RELEASE.jar!/org/springframework/data/mongodb/core/mapping/MongoSimpleTypes.class], URL [jar:file:/C:/Users/Damien/.gradle/caches/modules-2/files-2.1/org.springframework.data/spring-data-mongodb/1.8.1.RELEASE/b90c75c49d1271c06e95ba635b73882237d3c262/spring-data-mongodb-1.8.1.RELEASE.jar!/org/springframework/data/mongodb/core/mapping/event/AbstractMongoEventListener.class], URL [jar:file:/C:/Users/Damien/.gradle/caches/modules-2/files-2.1/org.springframework.data/spring-data-mongodb/1.8.1.RELEASE/b90c75c49d1271c06e95ba635b73882237d3c262/spring-data-mongodb-1.8.1.RELEASE.jar!/org/springframework/data/mongodb/core/mapping/event/AfterSaveEvent.class], URL [jar:file:/C:/Users/Damien/.gradle/caches/modules-2/files-2.1/org.springframework.data/spring-data-mongodb/1.8.1.RELEASE/b90c75c49d1271c06e95ba635b73882237d3c262/spring-data-mongodb-1.8.1.RELEASE.jar!/org/springframework/data/mongodb/core/mapping/event/BeforeSaveEvent.class], URL [jar:file:/C:/Users/Damien/.gradle/caches/modules-2/files-2.1/org.springframework.data/spring-data-mongodb/1.8.1.RELEASE/b90c75c49d1271c06e95ba635b73882237d3c262/spring-data-mongodb-1.8.1.RELEASE.jar!/org/springframework/data/mongodb/core/mapping/event/AfterConvertEvent.class], URL [jar:file:/C:/Users/Damien/.gradle/caches/modules-2/files-2.1/org.springframework.data/spring-data-mongodb/1.8.1.RELEASE/b90c75c49d1271c06e95ba635b73882237d3c262/spring-data-mongodb-1.8.1.RELEASE.jar!/org/springframework/data/mongodb/core/mapping/event/AfterDeleteEvent.class], URL [jar:file:/C:/Users/Damien/.gradle/caches/modules-2/files-2.1/org.springframework.data/spring-data-mongodb/1.8.1.RELEASE/b90c75c49d1271c06e95ba635b73882237d3c262/spring-data-mongodb-1.8.1.RELEASE.jar!/org/springframework/data/mongodb/core/mapping/event/LoggingEventListener.class], URL [jar:file:/C:/Users/Damien/.gradle/caches/modules-2/files-2.1/org.springframework.data/spring-data-mongodb/1.8.1.RELEASE/b90c75c49d1271c06e95ba635b73882237d3c262/spring-data-mongodb-1.8.1.RELEASE.jar!/org/springframework/data/mongodb/core/mapping/event/MongoMappingEvent.class], URL [jar:file:/C:/Users/Damien/.gradle/caches/modules-2/files-2.1/org.springframework.data/spring-data-mongodb/1.8.1.RELEASE/b90c75c49d1271c06e95ba635b73882237d3c262/spring-data-mongodb-1.8.1.RELEASE.jar!/org/springframework/data/mongodb/core/mapping/event/AbstractDeleteEvent.class], URL [jar:file:/C:/Users/Damien/.gradle/caches/modules-2/files-2.1/org.springframework.data/spring-data-mongodb/1.8.1.RELEASE/b90c75c49d1271c06e95ba635b73882237d3c262/spring-data-mongodb-1.8.1.RELEASE.jar!/org/springframework/data/mongodb/core/mapping/event/BeforeConvertEvent.class], URL [jar:file:/C:/Users/Damien/.gradle/caches/modules-2/files-2.1/org.springframework.data/spring-data-mongodb/1.8.1.RELEASE/b90c75c49d1271c06e95ba635b73882237d3c262/spring-data-mongodb-1.8.1.RELEASE.jar!/org/springframework/data/mongodb/core/mapping/event/ValidatingMongoEventListener.class], URL [jar:file:/C:/Users/Damien/.gradle/caches/modules-2/files-2.1/org.springframework.data/spring-data-mongodb/1.8.1.RELEASE/b90c75c49d1271c06e95ba635b73882237d3c262/spring-data-mongodb-1.8.1.RELEASE.jar!/org/springframework/data/mongodb/core/mapping/event/AfterLoadEvent.class], URL [jar:file:/C:/Users/Damien/.gradle/caches/modules-2/files-2.1/org.springframework.data/spring-data-mongodb/1.8.1.RELEASE/b90c75c49d1271c06e95ba635b73882237d3c262/spring-data-mongodb-1.8.1.RELEASE.jar!/org/springframework/data/mongodb/core/mapping/event/AuditingEventListener.class], URL [jar:file:/C:/Users/Damien/.gradle/caches/modules-2/files-2.1/org.springframework.data/spring-data-mongodb/1.8.1.RELEASE/b90c75c49d1271c06e95ba635b73882237d3c262/spring-data-mongodb-1.8.1.RELEASE.jar!/org/springframework/data/mongodb/core/mapping/event/BeforeDeleteEvent.class], URL [jar:file:/C:/Users/Damien/.gradle/caches/modules-2/files-2.1/org.springframework.data/spring-data-mongodb/1.8.1.RELEASE/b90c75c49d1271c06e95ba635b73882237d3c262/spring-data-mongodb-1.8.1.RELEASE.jar!/org/springframework/data/mongodb/core/mapping/CachingMongoPersistentProperty.class], URL [jar:file:/C:/Users/Damien/.gradle/caches/modules-2/files-2.1/org.springframework.data/spring-data-mongodb/1.8.1.RELEASE/b90c75c49d1271c06e95ba635b73882237d3c262/spring-data-mongodb-1.8.1.RELEASE.jar!/org/springframework/data/mongodb/core/mapping/Field.class], URL [jar:file:/C:/Users/Damien/.gradle/caches/modules-2/files-2.1/org.springframework.data/spring-data-mongodb/1.8.1.RELEASE/b90c75c49d1271c06e95ba635b73882237d3c262/spring-data-mongodb-1.8.1.RELEASE.jar!/org/springframework/data/mongodb/core/GeoJsonConfiguration.class], URL [jar:file:/C:/Users/Damien/.gradle/caches/modules-2/files-2.1/org.springframework.data/spring-data-mongodb/1.8.1.RELEASE/b90c75c49d1271c06e95ba635b73882237d3c262/spring-data-mongodb-1.8.1.RELEASE.jar!/org/springframework/data/mongodb/core/DefaultIndexOperations$4.class], URL [jar:file:/C:/Users/Damien/.gradle/caches/modules-2/files-2.1/org.springframework.data/spring-data-mongodb/1.8.1.RELEASE/b90c75c49d1271c06e95ba635b73882237d3c262/spring-data-mongodb-1.8.1.RELEASE.jar!/org/springframework/data/mongodb/core/MongoTemplate$CloseableIterableCursorAdapter.class], URL [jar:file:/C:/Users/Damien/.gradle/caches/modules-2/files-2.1/org.springframework.data/spring-data-mongodb/1.8.1.RELEASE/b90c75c49d1271c06e95ba635b73882237d3c262/spring-data-mongodb-1.8.1.RELEASE.jar!/org/springframework/data/mongodb/core/geo/GeoJsonPolygon.class], URL [jar:file:/C:/Users/Damien/.gradle/caches/modules-2/files-2.1/org.springframework.data/spring-data-mongodb/1.8.1.RELEASE/b90c75c49d1271c06e95ba635b73882237d3c262/spring-data-mongodb-1.8.1.RELEASE.jar!/org/springframework/data/mongodb/core/geo/GeoJsonModule$GeoJsonPointDeserializer.class], URL [jar:file:/C:/Users/Damien/.gradle/caches/modules-2/files-2.1/org.springframework.data/spring-data-mongodb/1.8.1.RELEASE/b90c75c49d1271c06e95ba635b73882237d3c262/spring-data-mongodb-1.8.1.RELEASE.jar!/org/springframework/data/mongodb/core/geo/GeoJsonPoint.class], URL [jar:file:/C:/Users/Damien/.gradle/caches/modules-2/files-2.1/org.springframework.data/spring-data-mongodb/1.8.1.RELEASE/b90c75c49d1271c06e95ba635b73882237d3c262/spring-data-mongodb-1.8.1.RELEASE.jar!/org/springframework/data/mongodb/core/geo/GeoJsonLineString.class], URL [jar:file:/C:/Users/Damien/.gradle/caches/modules-2/files-2.1/org.springframework.data/spring-data-mongodb/1.8.1.RELEASE/b90c75c49d1271c06e95ba635b73882237d3c262/spring-data-mongodb-1.8.1.RELEASE.jar!/org/springframework/data/mongodb/core/geo/GeoJsonModule$GeoJsonDeserializer.class], URL [jar:file:/C:/Users/Damien/.gradle/caches/modules-2/files-2.1/org.springframework.data/spring-data-mongodb/1.8.1.RELEASE/b90c75c49d1271c06e95ba635b73882237d3c262/spring-data-mongodb-1.8.1.RELEASE.jar!/org/springframework/data/mongodb/core/geo/GeoJsonModule$GeoJsonLineStringDeserializer.class], URL [jar:file:/C:/Users/Damien/.gradle/caches/modules-2/files-2.1/org.springframework.data/spring-data-mongodb/1.8.1.RELEASE/b90c75c49d1271c06e95ba635b73882237d3c262/spring-data-mong
[...]
15:44:19.089 [Test worker] DEBUG o.s.b.f.s.DefaultListableBeanFactory - Creating instance of bean 'characterEncodingFilter'
15:44:19.089 [Test worker] DEBUG o.s.b.f.s.DefaultListableBeanFactory - Returning cached instance of singleton bean 'org.springframework.transaction.config.internalTransactionAdvisor'
15:44:19.090 [Test worker] DEBUG o.s.b.f.s.DefaultListableBeanFactory - Returning cached instance of singleton bean 'org.springframework.boot.autoconfigure.web.HttpEncodingAutoConfiguration'
15:44:19.094 [Test worker] DEBUG o.s.w.c.s.StandardServletEnvironment - Adding [servletConfigInitParams] PropertySource with lowest search precedence
15:44:19.094 [Test worker] DEBUG o.s.w.c.s.StandardServletEnvironment - Adding [servletContextInitParams] PropertySource with lowest search precedence
15:44:19.094 [Test worker] DEBUG o.s.w.c.s.StandardServletEnvironment - Adding [systemProperties] PropertySource with lowest search precedence
15:44:19.094 [Test worker] DEBUG o.s.w.c.s.StandardServletEnvironment - Adding [systemEnvironment] PropertySource with lowest search precedence
15:44:19.094 [Test worker] DEBUG o.s.w.c.s.StandardServletEnvironment - Initialized StandardServletEnvironment with PropertySources [servletConfigInitParams,servletContextInitParams,systemProperties,systemEnvironment]
15:44:19.095 [Test worker] DEBUG o.s.b.f.s.DefaultListableBeanFactory - Eagerly caching bean 'characterEncodingFilter' to allow for resolving potential circular references
15:44:19.106 [Test worker] DEBUG o.s.b.f.s.DefaultListableBeanFactory - Invoking afterPropertiesSet() on bean with name 'characterEncodingFilter'
15:44:19.106 [Test worker] DEBUG o.s.b.f.s.DefaultListableBeanFactory - Returning cached instance of singleton bean 'org.springframework.transaction.config.internalTransactionAdvisor'
15:44:19.106 [Test worker] DEBUG o.s.b.f.s.DefaultListableBeanFactory - Returning cached instance of singleton bean 'org.springframework.transaction.config.internalTransactionAdvisor'
15:44:19.106 [Test worker] DEBUG o.s.b.f.s.DefaultListableBeanFactory - Finished creating instance of bean 'characterEncodingFilter'
15:44:19.106 [Test worker] DEBUG o.s.b.f.s.DefaultListableBeanFactory - Returning cached instance of singleton bean 'org.springframework.boot.autoconfigure.web.MultipartAutoConfiguration'
15:44:19.106 [Test worker] DEBUG o.s.b.f.s.DefaultListableBeanFactory - Returning cached instance of singleton bean 'multipartConfigElement'
15:44:19.106 [Test worker] DEBUG o.s.b.f.s.DefaultListableBeanFactory - Creating shared instance of singleton bean 'multipartResolver'
15:44:19.107 [Test worker] DEBUG o.s.b.f.s.DefaultListableBeanFactory - Creating instance of bean 'multipartResolver'
15:44:19.107 [Test worker] DEBUG o.s.b.f.s.DefaultListableBeanFactory - Returning cached instance of singleton bean 'org.springframework.transaction.config.internalTransactionAdvisor'
15:44:19.107 [Test worker] DEBUG o.s.b.f.s.DefaultListableBeanFactory - Returning cached instance of singleton bean 'org.springframework.boot.autoconfigure.web.MultipartAutoConfiguration'
15:44:19.111 [Test worker] DEBUG o.s.b.f.s.DefaultListableBeanFactory - Eagerly caching bean 'multipartResolver' to allow for resolving potential circular references
15:44:19.114 [Test worker] DEBUG o.s.b.f.s.DefaultListableBeanFactory - Returning cached instance of singleton bean 'org.springframework.transaction.config.internalTransactionAdvisor'
15:44:19.114 [Test worker] DEBUG o.s.b.f.s.DefaultListableBeanFactory - Returning cached instance of singleton bean 'org.springframework.transaction.config.internalTransactionAdvisor'
15:44:19.115 [Test worker] DEBUG o.s.b.f.s.DefaultListableBeanFactory - Finished creating instance of bean 'multipartResolver'
15:44:19.115 [Test worker] DEBUG o.s.b.f.s.DefaultListableBeanFactory - Returning cached instance of singleton bean 'multipart.CONFIGURATION_PROPERTIES'
15:44:19.115 [Test worker] DEBUG o.s.b.f.s.DefaultListableBeanFactory - Returning cached instance of singleton bean 'org.springframework.boot.autoconfigure.web.ServerPropertiesAutoConfiguration'
15:44:19.115 [Test worker] DEBUG o.s.b.f.s.DefaultListableBeanFactory - Returning cached instance of singleton bean 'serverProperties'
15:44:19.115 [Test worker] INFO  o.s.j.e.a.AnnotationMBeanExporter - Registering beans for JMX exposure on startup
15:44:19.115 [Test worker] DEBUG o.s.j.e.a.AnnotationMBeanExporter - Autodetecting user-defined JMX MBeans
15:44:19.131 [Test worker] DEBUG o.s.b.f.s.DefaultListableBeanFactory - Returning cached instance of singleton bean 'authenticationManager'
15:44:19.133 [Test worker] DEBUG o.s.w.c.s.GenericWebApplicationContext - Unable to locate LifecycleProcessor with name 'lifecycleProcessor': using default [org.springframework.context.support.DefaultLifecycleProcessor@4bba8340]
15:44:19.135 [Test worker] DEBUG o.s.b.f.s.DefaultListableBeanFactory - Returning cached instance of singleton bean 'lifecycleProcessor'
15:44:19.139 [Test worker] DEBUG o.s.b.f.s.DefaultListableBeanFactory - Returning cached instance of singleton bean 'mvcResourceUrlProvider'
15:44:19.139 [Test worker] DEBUG o.s.b.f.s.DefaultListableBeanFactory - Returning cached instance of singleton bean 'delegatingApplicationListener'
15:44:19.139 [Test worker] DEBUG o.s.w.s.resource.ResourceUrlProvider - Looking for resource handler mappings
15:44:19.140 [Test worker] DEBUG o.s.b.f.s.DefaultListableBeanFactory - Returning cached instance of singleton bean 'resourceHandlerMapping'
15:44:19.140 [Test worker] DEBUG o.s.b.f.s.DefaultListableBeanFactory - Returning cached instance of singleton bean 'faviconHandlerMapping'
15:44:19.141 [Test worker] DEBUG o.s.w.s.resource.ResourceUrlProvider - Found resource handler mapping: URL pattern="/**/favicon.ico", locations=[class path resource [META-INF/resources/], class path resource [resources/], class path resource [static/], class path resource [public/], class path resource []], resolvers=[org.springframework.web.servlet.resource.PathResourceResolver@2ad8dc5a]
15:44:19.141 [Test worker] DEBUG o.s.w.s.resource.ResourceUrlProvider - Found resource handler mapping: URL pattern="/webjars/**", locations=[class path resource [META-INF/resources/webjars/]], resolvers=[org.springframework.web.servlet.resource.PathResourceResolver@34d2ff9]
15:44:19.141 [Test worker] DEBUG o.s.w.s.resource.ResourceUrlProvider - Found resource handler mapping: URL pattern="/**", locations=[ServletContext resource [/], class path resource [META-INF/resources/], class path resource [resources/], class path resource [static/], class path resource [public/]], resolvers=[org.springframework.web.servlet.resource.PathResourceResolver@77907589]
15:44:19.221 [Test worker] DEBUG o.s.c.e.PropertySourcesPropertyResolver - Searching for key 'spring.liveBeansView.mbeanDomain' in [servletConfigInitParams]
15:44:19.222 [Test worker] DEBUG o.s.c.e.PropertySourcesPropertyResolver - Searching for key 'spring.liveBeansView.mbeanDomain' in [servletContextInitParams]
15:44:19.222 [Test worker] DEBUG o.s.c.e.PropertySourcesPropertyResolver - Searching for key 'spring.liveBeansView.mbeanDomain' in [systemProperties]
15:44:19.222 [Test worker] DEBUG o.s.c.e.PropertySourcesPropertyResolver - Searching for key 'spring.liveBeansView.mbeanDomain' in [systemEnvironment]
15:44:19.222 [Test worker] DEBUG o.s.c.e.PropertySourcesPropertyResolver - Could not find key 'spring.liveBeansView.mbeanDomain' in any property source. Returning [null]
15:44:19.223 [Test worker] DEBUG o.s.t.c.DefaultCacheAwareContextLoaderDelegate - Storing ApplicationContext in cache under key [[WebMergedContextConfiguration@74bdc681 testClass = IndexControllerTest, locations = '{}', classes = '{class io.github.thisisnozaku.charactercreator.NeoneCoreApplication}', contextInitializerClasses = '[]', activeProfiles = '{}', propertySourceLocations = '{}', propertySourceProperties = '{}', resourceBasePath = 'src/main/webapp', contextLoader = 'org.springframework.test.context.web.WebDelegatingSmartContextLoader', parent = [null]]]
15:44:19.223 [Test worker] DEBUG o.springframework.test.context.cache - Spring test ApplicationContext cache statistics: [ContextCache@28b3be47 size = 1, hitCount = 0, missCount = 1, parentContextCount = 0]
15:44:19.223 [Test worker] DEBUG o.s.t.c.w.ServletTestExecutionListener - Setting up MockHttpServletRequest, MockHttpServletResponse, ServletWebRequest, and RequestContextHolder for test context [DefaultTestContext@112c28f testClass = IndexControllerTest, testInstance = io.github.thisisnozaku.charactercreator.controllers.IndexControllerTest@1c439e1e, testMethod = [null], testException = [null], mergedContextConfiguration = [WebMergedContextConfiguration@74bdc681 testClass = IndexControllerTest, locations = '{}', classes = '{class io.github.thisisnozaku.charactercreator.NeoneCoreApplication}', contextInitializerClasses = '[]', activeProfiles = '{}', propertySourceLocations = '{}', propertySourceProperties = '{}', resourceBasePath = 'src/main/webapp', contextLoader = 'org.springframework.test.context.web.WebDelegatingSmartContextLoader', parent = [null]]].
15:44:19.242 [Test worker] DEBUG o.s.t.c.s.DependencyInjectionTestExecutionListener - Performing dependency injection for test context [[DefaultTestContext@112c28f testClass = IndexControllerTest, testInstance = io.github.thisisnozaku.charactercreator.controllers.IndexControllerTest@1c439e1e, testMethod = [null], testException = [null], mergedContextConfiguration = [WebMergedContextConfiguration@74bdc681 testClass = IndexControllerTest, locations = '{}', classes = '{class io.github.thisisnozaku.charactercreator.NeoneCoreApplication}', contextInitializerClasses = '[]', activeProfiles = '{}', propertySourceLocations = '{}', propertySourceProperties = '{}', resourceBasePath = 'src/main/webapp', contextLoader = 'org.springframework.test.context.web.WebDelegatingSmartContextLoader', parent = [null]]]].
15:44:19.242 [Test worker] DEBUG o.s.t.c.DefaultCacheAwareContextLoaderDelegate - Retrieved ApplicationContext from cache with key [[WebMergedContextConfiguration@74bdc681 testClass = IndexControllerTest, locations = '{}', classes = '{class io.github.thisisnozaku.charactercreator.NeoneCoreApplication}', contextInitializerClasses = '[]', activeProfiles = '{}', propertySourceLocations = '{}', propertySourceProperties = '{}', resourceBasePath = 'src/main/webapp', contextLoader = 'org.springframework.test.context.web.WebDelegatingSmartContextLoader', parent = [null]]]
15:44:19.242 [Test worker] DEBUG o.springframework.test.context.cache - Spring test ApplicationContext cache statistics: [ContextCache@28b3be47 size = 1, hitCount = 1, missCount = 1, parentContextCount = 0]
15:44:19.317 [Test worker] DEBUG o.s.b.f.annotation.InjectionMetadata - Processing injected element of bean 'io.github.thisisnozaku.charactercreator.controllers.IndexControllerTest': AutowiredFieldElement for io.github.thisisnozaku.charactercreator.controllers.IndexController io.github.thisisnozaku.charactercreator.controllers.IndexControllerTest.controller
15:44:19.318 [Test worker] DEBUG o.s.b.f.s.DefaultListableBeanFactory - Returning cached instance of singleton bean 'indexController'
15:44:19.319 [Test worker] DEBUG o.s.b.f.a.AutowiredAnnotationBeanPostProcessor - Autowiring by type from bean name 'io.github.thisisnozaku.charactercreator.controllers.IndexControllerTest' to bean named 'indexController'
15:44:19.319 [Test worker] DEBUG o.s.b.f.s.DefaultListableBeanFactory - Returning cached instance of singleton bean 'org.springframework.transaction.config.internalTransactionAdvisor'
15:44:19.319 [Test worker] DEBUG o.s.b.f.s.DefaultListableBeanFactory - Returning cached instance of singleton bean 'org.springframework.transaction.config.internalTransactionAdvisor'
15:44:19.343 [Test worker] DEBUG o.s.core.env.StandardEnvironment - Adding [systemProperties] PropertySource with lowest search precedence
15:44:19.344 [Test worker] DEBUG o.s.core.env.StandardEnvironment - Adding [systemEnvironment] PropertySource with lowest search precedence
15:44:19.344 [Test worker] DEBUG o.s.core.env.StandardEnvironment - Initialized StandardEnvironment with PropertySources [systemProperties,systemEnvironment]
15:44:19.350 [Test worker] INFO  o.s.t.w.s.s.StandaloneMockMvcBuilder$StaticRequestMappingHandlerMapping - Mapped "{[/],methods=[GET]}" onto public org.springframework.web.servlet.ModelAndView io.github.thisisnozaku.charactercreator.controllers.IndexController.index()
15:44:19.366 [Test worker] DEBUG o.h.v.i.e.r.DefaultTraversableResolver - Found javax.persistence.Persistence on classpath containing 'getPersistenceUtil'. Assuming JPA 2 environment. Trying to instantiate JPA aware TraversableResolver
15:44:19.367 [Test worker] DEBUG o.h.v.i.e.r.DefaultTraversableResolver - Instantiated JPA aware TraversableResolver of type org.hibernate.validator.internal.engine.resolver.JPATraversableResolver.
15:44:19.367 [Test worker] DEBUG o.h.v.i.engine.ConfigurationImpl - Setting custom MessageInterpolator of type org.springframework.validation.beanvalidation.LocaleContextMessageInterpolator
15:44:19.367 [Test worker] DEBUG o.h.v.i.engine.ConfigurationImpl - Setting custom ParameterNameProvider of type com.sun.proxy.$Proxy45
15:44:19.368 [Test worker] DEBUG o.h.v.i.xml.ValidationXmlParser - Trying to load META-INF/validation.xml for XML based Validator configuration.
15:44:19.369 [Test worker] DEBUG o.h.v.i.xml.ValidationXmlParser - No META-INF/validation.xml found. Using annotation based configuration only.
15:44:19.373 [Test worker] INFO  o.s.w.s.m.m.a.RequestMappingHandlerAdapter - Looking for @ControllerAdvice: org.springframework.test.web.servlet.setup.StubWebApplicationContext@5dc6b820
15:44:19.388 [Test worker] DEBUG o.s.t.w.s.TestDispatcherServlet - Initializing servlet ''
15:44:19.390 [Test worker] DEBUG o.s.w.c.s.StandardServletEnvironment - Adding [servletConfigInitParams] PropertySource with lowest search precedence
15:44:19.390 [Test worker] DEBUG o.s.w.c.s.StandardServletEnvironment - Adding [servletContextInitParams] PropertySource with lowest search precedence
15:44:19.391 [Test worker] DEBUG o.s.w.c.s.StandardServletEnvironment - Adding [systemProperties] PropertySource with lowest search precedence
15:44:19.391 [Test worker] DEBUG o.s.w.c.s.StandardServletEnvironment - Adding [systemEnvironment] PropertySource with lowest search precedence
15:44:19.391 [Test worker] DEBUG o.s.w.c.s.StandardServletEnvironment - Initialized StandardServletEnvironment with PropertySources [servletConfigInitParams,servletContextInitParams,systemProperties,systemEnvironment]
15:44:19.391 [Test worker] INFO  o.s.mock.web.MockServletContext - Initializing Spring FrameworkServlet ''
15:44:19.391 [Test worker] INFO  o.s.t.w.s.TestDispatcherServlet - FrameworkServlet '': initialization started
15:44:19.392 [Test worker] DEBUG o.s.t.w.s.TestDispatcherServlet - Unable to locate MultipartResolver with name 'multipartResolver': no multipart request handling provided
15:44:19.392 [Test worker] DEBUG o.s.t.w.s.TestDispatcherServlet - Using LocaleResolver [org.springframework.web.servlet.i18n.AcceptHeaderLocaleResolver@4323e3d9]
15:44:19.393 [Test worker] DEBUG o.s.t.w.s.TestDispatcherServlet - Using ThemeResolver [org.springframework.web.servlet.theme.FixedThemeResolver@77ecb2b0]
15:44:19.393 [Test worker] DEBUG o.s.t.w.s.TestDispatcherServlet - Using RequestToViewNameTranslator [org.springframework.web.servlet.view.DefaultRequestToViewNameTranslator@7789e4cc]
15:44:19.393 [Test worker] DEBUG o.s.t.w.s.TestDispatcherServlet - Using FlashMapManager [org.springframework.web.servlet.support.SessionFlashMapManager@65916f3f]
15:44:19.393 [Test worker] DEBUG o.s.t.w.s.TestDispatcherServlet - Published WebApplicationContext of servlet '' as ServletContext attribute with name [org.springframework.web.servlet.FrameworkServlet.CONTEXT.]
15:44:19.394 [Test worker] INFO  o.s.t.w.s.TestDispatcherServlet - FrameworkServlet '': initialization completed in 2 ms
15:44:19.394 [Test worker] DEBUG o.s.t.w.s.TestDispatcherServlet - Servlet '' configured successfully
15:44:19.460 [Test worker] DEBUG o.s.t.w.s.TestDispatcherServlet - DispatcherServlet with name '' processing GET request for [/]
15:44:19.465 [Test worker] DEBUG o.s.t.w.s.s.StandaloneMockMvcBuilder$StaticRequestMappingHandlerMapping - Looking up handler method for path /
15:44:19.471 [Test worker] DEBUG o.s.t.w.s.s.StandaloneMockMvcBuilder$StaticRequestMappingHandlerMapping - Returning handler method [public org.springframework.web.servlet.ModelAndView io.github.thisisnozaku.charactercreator.controllers.IndexController.index()]
15:44:19.472 [Test worker] DEBUG o.s.t.w.s.TestDispatcherServlet - Last-Modified value for [/] is: -1
15:44:19.528 [Test worker] DEBUG o.s.t.w.s.TestDispatcherServlet - Rendering view [org.springframework.web.servlet.view.InternalResourceView: unnamed; URL [index]] in DispatcherServlet with name ''
15:44:19.528 [Test worker] DEBUG o.s.w.s.view.InternalResourceView - Forwarding to resource [index] in InternalResourceView 'null'
15:44:19.528 [Test worker] DEBUG o.s.mock.web.MockRequestDispatcher - MockRequestDispatcher: forwarding to [index]
15:44:19.528 [Test worker] DEBUG o.s.t.w.s.TestDispatcherServlet - Successfully completed request
15:44:19.543 [Test worker] DEBUG o.s.t.c.s.DirtiesContextTestExecutionListener - After test method: context [DefaultTestContext@112c28f testClass = IndexControllerTest, testInstance = io.github.thisisnozaku.charactercreator.controllers.IndexControllerTest@1c439e1e, testMethod = testGettingIndexUnauthenticated@IndexControllerTest, testException = java.lang.AssertionError, mergedContextConfiguration = [WebMergedContextConfiguration@74bdc681 testClass = IndexControllerTest, locations = '{}', classes = '{class io.github.thisisnozaku.charactercreator.NeoneCoreApplication}', contextInitializerClasses = '[]', activeProfiles = '{}', propertySourceLocations = '{}', propertySourceProperties = '{}', resourceBasePath = 'src/main/webapp', contextLoader = 'org.springframework.test.context.web.WebDelegatingSmartContextLoader', parent = [null]]], class dirties context [false], class mode [null], method dirties context [false].
15:44:19.545 [Test worker] DEBUG o.s.t.c.w.ServletTestExecutionListener - Resetting RequestContextHolder for test context [DefaultTestContext@112c28f testClass = IndexControllerTest, testInstance = io.github.thisisnozaku.charactercreator.controllers.IndexControllerTest@1c439e1e, testMethod = testGettingIndexUnauthenticated@IndexControllerTest, testException = java.lang.AssertionError, mergedContextConfiguration = [WebMergedContextConfiguration@74bdc681 testClass = IndexControllerTest, locations = '{}', classes = '{class io.github.thisisnozaku.charactercreator.NeoneCoreApplication}', contextInitializerClasses = '[]', activeProfiles = '{}', propertySourceLocations = '{}', propertySourceProperties = '{}', resourceBasePath = 'src/main/webapp', contextLoader = 'org.springframework.test.context.web.WebDelegatingSmartContextLoader', parent = [null]]].
15:44:19.549 [Test worker] DEBUG o.s.t.c.s.DirtiesContextTestExecutionListener - After test class: context [DefaultTestContext@112c28f testClass = IndexControllerTest, testInstance = [null], testMethod = [null], testException = [null], mergedContextConfiguration = [WebMergedContextConfiguration@74bdc681 testClass = IndexControllerTest, locations = '{}', classes = '{class io.github.thisisnozaku.charactercreator.NeoneCoreApplication}', contextInitializerClasses = '[]', activeProfiles = '{}', propertySourceLocations = '{}', propertySourceProperties = '{}', resourceBasePath = 'src/main/webapp', contextLoader = 'org.springframework.test.context.web.WebDelegatingSmartContextLoader', parent = [null]]], dirtiesContext [false].
]]></system-out>
  <system-err><![CDATA[]]></system-err>
</testsuite>
